{"/home/travis/build/npmtest/node-npmtest-npm-shrinkwrap/test.js":{"path":"/home/travis/build/npmtest/node-npmtest-npm-shrinkwrap/test.js","s":{"1":2,"2":2,"3":2,"4":2,"5":2,"6":2,"7":2,"8":1,"9":2,"10":2,"11":1,"12":1,"13":1,"14":1,"15":2,"16":2,"17":2,"18":2,"19":1,"20":1,"21":2,"22":2,"23":2,"24":1,"25":1,"26":1,"27":1,"28":1,"29":1,"30":1,"31":1,"32":1,"33":1,"34":1,"35":1,"36":1,"37":1,"38":1,"39":2,"40":2,"41":1,"42":2,"43":2,"44":1,"45":2,"46":2,"47":1,"48":2,"49":2,"50":1,"51":1,"52":1,"53":1,"54":1},"b":{"1":[2,1,1,1],"2":[1,1,1,1],"3":[1,1],"4":[1,1],"5":[1,1],"6":[1,1],"7":[1,1],"8":[1,1],"9":[1,1],"10":[1,1,1],"11":[1,1],"12":[1,1],"13":[1,1],"14":[1,1],"15":[1,1],"16":[1,1],"17":[1,1]},"f":{"1":2,"2":2,"3":2,"4":2,"5":2,"6":1,"7":1,"8":1,"9":2,"10":2,"11":2,"12":2,"13":1},"fnMap":{"1":{"name":"(anonymous_1)","line":12,"loc":{"start":{"line":12,"column":1},"end":{"line":12,"column":13}}},"2":{"name":"(anonymous_2)","line":19,"loc":{"start":{"line":19,"column":5},"end":{"line":19,"column":17}}},"3":{"name":"(anonymous_3)","line":23,"loc":{"start":{"line":23,"column":24},"end":{"line":23,"column":36}}},"4":{"name":"(anonymous_4)","line":61,"loc":{"start":{"line":61,"column":5},"end":{"line":61,"column":17}}},"5":{"name":"(anonymous_5)","line":82,"loc":{"start":{"line":82,"column":5},"end":{"line":82,"column":17}}},"6":{"name":"(anonymous_6)","line":91,"loc":{"start":{"line":91,"column":77},"end":{"line":94,"column":10}}},"7":{"name":"(anonymous_7)","line":112,"loc":{"start":{"line":112,"column":83},"end":{"line":115,"column":10}},"skip":true},"8":{"name":"(anonymous_8)","line":123,"loc":{"start":{"line":123,"column":77},"end":{"line":126,"column":10}},"skip":true},"9":{"name":"(anonymous_9)","line":139,"loc":{"start":{"line":139,"column":12},"end":{"line":139,"column":40}},"skip":true},"10":{"name":"(anonymous_10)","line":147,"loc":{"start":{"line":147,"column":77},"end":{"line":150,"column":10}},"skip":true},"11":{"name":"(anonymous_11)","line":158,"loc":{"start":{"line":158,"column":83},"end":{"line":161,"column":10}},"skip":true},"12":{"name":"(anonymous_12)","line":169,"loc":{"start":{"line":169,"column":79},"end":{"line":172,"column":10}},"skip":true},"13":{"name":"(anonymous_13)","line":180,"loc":{"start":{"line":180,"column":75},"end":{"line":183,"column":10}},"skip":true}},"statementMap":{"1":{"start":{"line":12,"column":0},"end":{"line":195,"column":5}},"2":{"start":{"line":14,"column":4},"end":{"line":14,"column":14}},"3":{"start":{"line":19,"column":4},"end":{"line":56,"column":9}},"4":{"start":{"line":21,"column":8},"end":{"line":21,"column":19}},"5":{"start":{"line":23,"column":8},"end":{"line":35,"column":13}},"6":{"start":{"line":24,"column":12},"end":{"line":34,"column":13}},"7":{"start":{"line":25,"column":16},"end":{"line":28,"column":30}},"8":{"start":{"line":30,"column":16},"end":{"line":33,"column":27}},"9":{"start":{"line":37,"column":8},"end":{"line":39,"column":21}},"10":{"start":{"line":40,"column":8},"end":{"line":53,"column":9}},"11":{"start":{"line":43,"column":12},"end":{"line":46,"column":14}},"12":{"start":{"line":47,"column":12},"end":{"line":47,"column":18}},"13":{"start":{"line":50,"column":12},"end":{"line":51,"column":46}},"14":{"start":{"line":52,"column":12},"end":{"line":52,"column":18}},"15":{"start":{"line":55,"column":8},"end":{"line":55,"column":35}},"16":{"start":{"line":61,"column":4},"end":{"line":63,"column":9}},"17":{"start":{"line":62,"column":8},"end":{"line":62,"column":15}},"18":{"start":{"line":64,"column":4},"end":{"line":77,"column":5}},"19":{"start":{"line":70,"column":8},"end":{"line":70,"column":14}},"20":{"start":{"line":76,"column":8},"end":{"line":76,"column":14}},"21":{"start":{"line":82,"column":4},"end":{"line":84,"column":9}},"22":{"start":{"line":83,"column":8},"end":{"line":83,"column":15}},"23":{"start":{"line":85,"column":4},"end":{"line":194,"column":5}},"24":{"start":{"line":91,"column":8},"end":{"line":99,"column":10}},"25":{"start":{"line":98,"column":12},"end":{"line":98,"column":35}},"26":{"start":{"line":102,"column":8},"end":{"line":104,"column":63}},"27":{"start":{"line":105,"column":8},"end":{"line":105,"column":14}},"28":{"start":{"line":112,"column":8},"end":{"line":121,"column":10},"skip":true},"29":{"start":{"line":119,"column":12},"end":{"line":119,"column":55},"skip":true},"30":{"start":{"line":120,"column":12},"end":{"line":120,"column":48},"skip":true},"31":{"start":{"line":123,"column":8},"end":{"line":136,"column":10},"skip":true},"32":{"start":{"line":130,"column":12},"end":{"line":130,"column":76},"skip":true},"33":{"start":{"line":131,"column":12},"end":{"line":131,"column":73},"skip":true},"34":{"start":{"line":132,"column":12},"end":{"line":132,"column":74},"skip":true},"35":{"start":{"line":133,"column":12},"end":{"line":133,"column":79},"skip":true},"36":{"start":{"line":134,"column":12},"end":{"line":134,"column":25},"skip":true},"37":{"start":{"line":135,"column":12},"end":{"line":135,"column":45},"skip":true},"38":{"start":{"line":138,"column":8},"end":{"line":145,"column":14},"skip":true},"39":{"start":{"line":143,"column":16},"end":{"line":143,"column":29},"skip":true},"40":{"start":{"line":144,"column":16},"end":{"line":144,"column":55},"skip":true},"41":{"start":{"line":147,"column":8},"end":{"line":156,"column":10},"skip":true},"42":{"start":{"line":154,"column":12},"end":{"line":154,"column":25},"skip":true},"43":{"start":{"line":155,"column":12},"end":{"line":155,"column":45},"skip":true},"44":{"start":{"line":158,"column":8},"end":{"line":167,"column":10},"skip":true},"45":{"start":{"line":165,"column":12},"end":{"line":165,"column":25},"skip":true},"46":{"start":{"line":166,"column":12},"end":{"line":166,"column":48},"skip":true},"47":{"start":{"line":169,"column":8},"end":{"line":178,"column":10},"skip":true},"48":{"start":{"line":176,"column":12},"end":{"line":176,"column":25},"skip":true},"49":{"start":{"line":177,"column":12},"end":{"line":177,"column":46},"skip":true},"50":{"start":{"line":180,"column":8},"end":{"line":189,"column":10},"skip":true},"51":{"start":{"line":187,"column":12},"end":{"line":187,"column":94},"skip":true},"52":{"start":{"line":188,"column":12},"end":{"line":188,"column":48},"skip":true},"53":{"start":{"line":192,"column":8},"end":{"line":192,"column":35},"skip":true},"54":{"start":{"line":193,"column":8},"end":{"line":193,"column":14},"skip":true}},"branchMap":{"1":{"line":25,"type":"binary-expr","locations":[{"start":{"line":25,"column":23},"end":{"line":25,"column":62}},{"start":{"line":26,"column":20},"end":{"line":26,"column":70}},{"start":{"line":27,"column":20},"end":{"line":27,"column":71}},{"start":{"line":28,"column":20},"end":{"line":28,"column":29}}]},"2":{"line":30,"type":"binary-expr","locations":[{"start":{"line":30,"column":23},"end":{"line":30,"column":37}},{"start":{"line":31,"column":20},"end":{"line":31,"column":61}},{"start":{"line":32,"column":20},"end":{"line":32,"column":70}},{"start":{"line":33,"column":20},"end":{"line":33,"column":26}}]},"3":{"line":37,"type":"cond-expr","locations":[{"start":{"line":38,"column":14},"end":{"line":38,"column":20}},{"start":{"line":39,"column":14},"end":{"line":39,"column":20}}]},"4":{"line":40,"type":"switch","locations":[{"start":{"line":42,"column":8},"end":{"line":47,"column":18}},{"start":{"line":49,"column":8},"end":{"line":52,"column":18}}]},"5":{"line":44,"type":"binary-expr","locations":[{"start":{"line":44,"column":16},"end":{"line":44,"column":44}},{"start":{"line":44,"column":48},"end":{"line":44,"column":66}}]},"6":{"line":50,"type":"binary-expr","locations":[{"start":{"line":50,"column":21},"end":{"line":50,"column":49}},{"start":{"line":50,"column":53},"end":{"line":50,"column":72}}]},"7":{"line":64,"type":"switch","locations":[{"start":{"line":69,"column":4},"end":{"line":70,"column":14}},{"start":{"line":75,"column":4},"end":{"line":76,"column":14}}]},"8":{"line":85,"type":"switch","locations":[{"start":{"line":90,"column":4},"end":{"line":105,"column":14}},{"start":{"line":111,"column":4},"end":{"line":193,"column":14},"skip":true}]},"9":{"line":91,"type":"binary-expr","locations":[{"start":{"line":91,"column":42},"end":{"line":91,"column":73}},{"start":{"line":91,"column":77},"end":{"line":99,"column":9}}]},"10":{"line":102,"type":"binary-expr","locations":[{"start":{"line":102,"column":18},"end":{"line":102,"column":32}},{"start":{"line":103,"column":12},"end":{"line":103,"column":53}},{"start":{"line":104,"column":12},"end":{"line":104,"column":61}}]},"11":{"line":112,"type":"binary-expr","locations":[{"start":{"line":112,"column":45},"end":{"line":112,"column":79},"skip":true},{"start":{"line":112,"column":83},"end":{"line":121,"column":9},"skip":true}]},"12":{"line":123,"type":"binary-expr","locations":[{"start":{"line":123,"column":42},"end":{"line":123,"column":73},"skip":true},{"start":{"line":123,"column":77},"end":{"line":136,"column":9},"skip":true}]},"13":{"line":138,"type":"binary-expr","locations":[{"start":{"line":138,"column":48},"end":{"line":138,"column":85},"skip":true},{"start":{"line":139,"column":12},"end":{"line":145,"column":13},"skip":true}]},"14":{"line":147,"type":"binary-expr","locations":[{"start":{"line":147,"column":42},"end":{"line":147,"column":73},"skip":true},{"start":{"line":147,"column":77},"end":{"line":156,"column":9},"skip":true}]},"15":{"line":158,"type":"binary-expr","locations":[{"start":{"line":158,"column":45},"end":{"line":158,"column":79},"skip":true},{"start":{"line":158,"column":83},"end":{"line":167,"column":9},"skip":true}]},"16":{"line":169,"type":"binary-expr","locations":[{"start":{"line":169,"column":43},"end":{"line":169,"column":75},"skip":true},{"start":{"line":169,"column":79},"end":{"line":178,"column":9},"skip":true}]},"17":{"line":180,"type":"binary-expr","locations":[{"start":{"line":180,"column":41},"end":{"line":180,"column":71},"skip":true},{"start":{"line":180,"column":75},"end":{"line":189,"column":9},"skip":true}]}},"code":["/* istanbul instrument in package npmtest_npm_shrinkwrap */","/*jslint","    bitwise: true,","    browser: true,","    maxerr: 8,","    maxlen: 96,","    node: true,","    nomen: true,","    regexp: true,","    stupid: true","*/","(function () {","    'use strict';","    var local;","","","","    // run shared js-env code - pre-init","    (function () {","        // init local","        local = {};","        // init modeJs","        local.modeJs = (function () {","            try {","                return typeof navigator.userAgent === 'string' &&","                    typeof document.querySelector('body') === 'object' &&","                    typeof XMLHttpRequest.prototype.open === 'function' &&","                    'browser';","            } catch (errorCaughtBrowser) {","                return module.exports &&","                    typeof process.versions.node === 'string' &&","                    typeof require('http').createServer === 'function' &&","                    'node';","            }","        }());","        // init global","        local.global = local.modeJs === 'browser'","            ? window","            : global;","        switch (local.modeJs) {","        // re-init local from window.local","        case 'browser':","            local = local.global.utility2.objectSetDefault(","                local.global.utility2_rollup || local.global.local,","                local.global.utility2","            );","            break;","        // re-init local from example.js","        case 'node':","            local = (local.global.utility2_rollup || require('utility2'))","                .requireExampleJsFromReadme();","            break;","        }","        // export local","        local.global.local = local;","    }());","","","","    // run shared js-env code - function","    (function () {","        return;","    }());","    switch (local.modeJs) {","","","","    // run browser js-env code - function","    case 'browser':","        break;","","","","    // run node js-env code - function","    case 'node':","        break;","    }","","","","    // run shared js-env code - post-init","    (function () {","        return;","    }());","    switch (local.modeJs) {","","","","    // run browser js-env code - post-init","    case 'browser':","        local.testCase_browser_nullCase = local.testCase_browser_nullCase || function (","            options,","            onError","        ) {","        /*","         * this function will test browsers's null-case handling-behavior-behavior","         */","            onError(null, options);","        };","","        // run tests","        local.nop(local.modeTest &&","            document.querySelector('#testRunButton1') &&","            document.querySelector('#testRunButton1').click());","        break;","","","","    // run node js-env code - post-init","    /* istanbul ignore next */","    case 'node':","        local.testCase_buildApidoc_default = local.testCase_buildApidoc_default || function (","            options,","            onError","        ) {","        /*","         * this function will test buildApidoc's default handling-behavior-behavior","         */","            options = { modulePathList: module.paths };","            local.buildApidoc(options, onError);","        };","","        local.testCase_buildApp_default = local.testCase_buildApp_default || function (","            options,","            onError","        ) {","        /*","         * this function will test buildApp's default handling-behavior-behavior","         */","            local.testCase_buildReadme_default(options, local.onErrorThrow);","            local.testCase_buildLib_default(options, local.onErrorThrow);","            local.testCase_buildTest_default(options, local.onErrorThrow);","            local.testCase_buildCustomOrg_default(options, local.onErrorThrow);","            options = [];","            local.buildApp(options, onError);","        };","","        local.testCase_buildCustomOrg_default = local.testCase_buildCustomOrg_default ||","            function (options, onError) {","            /*","             * this function will test buildCustomOrg's default handling-behavior","             */","                options = {};","                local.buildCustomOrg(options, onError);","            };","","        local.testCase_buildLib_default = local.testCase_buildLib_default || function (","            options,","            onError","        ) {","        /*","         * this function will test buildLib's default handling-behavior","         */","            options = {};","            local.buildLib(options, onError);","        };","","        local.testCase_buildReadme_default = local.testCase_buildReadme_default || function (","            options,","            onError","        ) {","        /*","         * this function will test buildReadme's default handling-behavior-behavior","         */","            options = {};","            local.buildReadme(options, onError);","        };","","        local.testCase_buildTest_default = local.testCase_buildTest_default || function (","            options,","            onError","        ) {","        /*","         * this function will test buildTest's default handling-behavior","         */","            options = {};","            local.buildTest(options, onError);","        };","","        local.testCase_webpage_default = local.testCase_webpage_default || function (","            options,","            onError","        ) {","        /*","         * this function will test webpage's default handling-behavior","         */","            options = { modeCoverageMerge: true, url: local.serverLocalHost + '?modeTest=1' };","            local.browserTest(options, onError);","        };","","        // run test-server","        local.testRunServer(local);","        break;","    }","}());",""],"l":{"12":2,"14":2,"19":2,"21":2,"23":2,"24":2,"25":2,"30":1,"37":2,"40":2,"43":1,"47":1,"50":1,"52":1,"55":2,"61":2,"62":2,"64":2,"70":1,"76":1,"82":2,"83":2,"85":2,"91":1,"98":1,"102":1,"105":1,"112":1,"119":1,"120":1,"123":1,"130":1,"131":1,"132":1,"133":1,"134":1,"135":1,"138":1,"143":2,"144":2,"147":1,"154":2,"155":2,"158":1,"165":2,"166":2,"169":1,"176":2,"177":2,"180":1,"187":1,"188":1,"192":1,"193":1}},"/home/travis/build/npmtest/node-npmtest-npm-shrinkwrap/lib.npmtest_npm_shrinkwrap.js":{"path":"/home/travis/build/npmtest/node-npmtest-npm-shrinkwrap/lib.npmtest_npm_shrinkwrap.js","s":{"1":2,"2":2,"3":2,"4":2,"5":2,"6":2,"7":2,"8":1,"9":2,"10":2,"11":2,"12":2,"13":1,"14":1,"15":1,"16":1},"b":{"1":[2,1,1,1],"2":[1,1,1,1],"3":[1,1],"4":[2,2],"5":[1,1]},"f":{"1":2,"2":2,"3":2},"fnMap":{"1":{"name":"(anonymous_1)","line":12,"loc":{"start":{"line":12,"column":1},"end":{"line":12,"column":13}}},"2":{"name":"(anonymous_2)","line":19,"loc":{"start":{"line":19,"column":5},"end":{"line":19,"column":17}}},"3":{"name":"(anonymous_3)","line":23,"loc":{"start":{"line":23,"column":24},"end":{"line":23,"column":36}}}},"statementMap":{"1":{"start":{"line":12,"column":0},"end":{"line":53,"column":5}},"2":{"start":{"line":14,"column":4},"end":{"line":14,"column":14}},"3":{"start":{"line":19,"column":4},"end":{"line":52,"column":9}},"4":{"start":{"line":21,"column":8},"end":{"line":21,"column":19}},"5":{"start":{"line":23,"column":8},"end":{"line":35,"column":13}},"6":{"start":{"line":24,"column":12},"end":{"line":34,"column":13}},"7":{"start":{"line":25,"column":16},"end":{"line":28,"column":30}},"8":{"start":{"line":30,"column":16},"end":{"line":33,"column":27}},"9":{"start":{"line":37,"column":8},"end":{"line":39,"column":21}},"10":{"start":{"line":41,"column":8},"end":{"line":41,"column":54}},"11":{"start":{"line":43,"column":8},"end":{"line":43,"column":59}},"12":{"start":{"line":45,"column":8},"end":{"line":51,"column":9}},"13":{"start":{"line":46,"column":12},"end":{"line":46,"column":65}},"14":{"start":{"line":48,"column":12},"end":{"line":48,"column":35}},"15":{"start":{"line":49,"column":12},"end":{"line":49,"column":49}},"16":{"start":{"line":50,"column":12},"end":{"line":50,"column":43}}},"branchMap":{"1":{"line":25,"type":"binary-expr","locations":[{"start":{"line":25,"column":23},"end":{"line":25,"column":62}},{"start":{"line":26,"column":20},"end":{"line":26,"column":70}},{"start":{"line":27,"column":20},"end":{"line":27,"column":71}},{"start":{"line":28,"column":20},"end":{"line":28,"column":29}}]},"2":{"line":30,"type":"binary-expr","locations":[{"start":{"line":30,"column":23},"end":{"line":30,"column":37}},{"start":{"line":31,"column":20},"end":{"line":31,"column":61}},{"start":{"line":32,"column":20},"end":{"line":32,"column":70}},{"start":{"line":33,"column":20},"end":{"line":33,"column":26}}]},"3":{"line":37,"type":"cond-expr","locations":[{"start":{"line":38,"column":14},"end":{"line":38,"column":20}},{"start":{"line":39,"column":14},"end":{"line":39,"column":20}}]},"4":{"line":41,"type":"binary-expr","locations":[{"start":{"line":41,"column":16},"end":{"line":41,"column":44}},{"start":{"line":41,"column":48},"end":{"line":41,"column":53}}]},"5":{"line":45,"type":"if","locations":[{"start":{"line":45,"column":8},"end":{"line":45,"column":8}},{"start":{"line":45,"column":8},"end":{"line":45,"column":8}}]}},"code":["/* istanbul instrument in package npmtest_npm_shrinkwrap */","/*jslint","    bitwise: true,","    browser: true,","    maxerr: 8,","    maxlen: 96,","    node: true,","    nomen: true,","    regexp: true,","    stupid: true","*/","(function () {","    'use strict';","    var local;","","","","    // run shared js-env code - pre-init","    (function () {","        // init local","        local = {};","        // init modeJs","        local.modeJs = (function () {","            try {","                return typeof navigator.userAgent === 'string' &&","                    typeof document.querySelector('body') === 'object' &&","                    typeof XMLHttpRequest.prototype.open === 'function' &&","                    'browser';","            } catch (errorCaughtBrowser) {","                return module.exports &&","                    typeof process.versions.node === 'string' &&","                    typeof require('http').createServer === 'function' &&","                    'node';","            }","        }());","        // init global","        local.global = local.modeJs === 'browser'","            ? window","            : global;","        // init utility2_rollup","        local = local.global.utility2_rollup || local;","        // init lib","        local.local = local.npmtest_npm_shrinkwrap = local;","        // init exports","        if (local.modeJs === 'browser') {","            local.global.utility2_npmtest_npm_shrinkwrap = local;","        } else {","            module.exports = local;","            module.exports.__dirname = __dirname;","            module.exports.module = module;","        }","    }());","}());",""],"l":{"12":2,"14":2,"19":2,"21":2,"23":2,"24":2,"25":2,"30":1,"37":2,"41":2,"43":2,"45":2,"46":1,"48":1,"49":1,"50":1}},"/home/travis/build/npmtest/node-npmtest-npm-shrinkwrap/example.js":{"path":"/home/travis/build/npmtest/node-npmtest-npm-shrinkwrap/example.js","s":{"1":2,"2":2,"3":2,"4":2,"5":2,"6":2,"7":2,"8":1,"9":2,"10":2,"11":2,"12":2,"13":1,"14":2,"15":2,"16":2,"17":2,"18":2,"19":0,"20":2,"21":1,"22":1,"23":1,"24":1,"25":1,"26":0,"27":0,"28":1,"29":1,"30":2,"31":0,"32":0,"33":0,"34":1,"35":2,"36":2,"37":3,"38":3,"39":3,"40":3,"41":0,"42":3,"43":3,"44":3,"45":1,"46":3,"47":1,"48":1,"49":1,"50":1,"51":1,"52":1,"53":1,"54":1,"55":1,"56":1,"57":0,"58":1,"59":6,"60":6,"61":1,"62":2,"63":0,"64":2,"65":1,"66":1,"67":0,"68":0,"69":0,"70":0,"71":0,"72":0,"73":0,"74":0,"75":0,"76":0,"77":0,"78":0,"79":0,"80":0,"81":0,"82":0,"83":0},"b":{"1":[2,1,1,1],"2":[1,1,1,1],"3":[1,1],"4":[2,2],"5":[1,1],"6":[1,1],"7":[2,0],"8":[2,1,1,1,1,1],"9":[0,2,0],"10":[1,1],"11":[2,1,1],"12":[1,0],"13":[0,2],"14":[2,0,0,0,0,0,0],"15":[0,3],"16":[3,0],"17":[1,1],"18":[0,1],"19":[1,2,0,2],"20":[1,0],"21":[1,1],"22":[0,0],"23":[0,0],"24":[0,0],"25":[0,0],"26":[0,0],"27":[0,0],"28":[0,0]},"f":{"1":2,"2":2,"3":2,"4":2,"5":2,"6":2,"7":3,"8":3,"9":3,"10":1,"11":6,"12":0},"fnMap":{"1":{"name":"(anonymous_1)","line":26,"loc":{"start":{"line":26,"column":1},"end":{"line":26,"column":13}}},"2":{"name":"(anonymous_2)","line":33,"loc":{"start":{"line":33,"column":5},"end":{"line":33,"column":17}}},"3":{"name":"(anonymous_3)","line":37,"loc":{"start":{"line":37,"column":24},"end":{"line":37,"column":36}}},"4":{"name":"(anonymous_4)","line":69,"loc":{"start":{"line":69,"column":31},"end":{"line":69,"column":48}},"skip":true},"5":{"name":"(anonymous_5)","line":78,"loc":{"start":{"line":78,"column":26},"end":{"line":78,"column":45}},"skip":true},"6":{"name":"(anonymous_6)","line":123,"loc":{"start":{"line":123,"column":33},"end":{"line":123,"column":48}},"skip":true},"7":{"name":"(anonymous_7)","line":125,"loc":{"start":{"line":125,"column":27},"end":{"line":125,"column":39}},"skip":true},"8":{"name":"(anonymous_8)","line":133,"loc":{"start":{"line":133,"column":59},"end":{"line":133,"column":74}},"skip":true},"9":{"name":"(anonymous_9)","line":143,"loc":{"start":{"line":143,"column":45},"end":{"line":143,"column":62}},"skip":true},"10":{"name":"(anonymous_10)","line":144,"loc":{"start":{"line":144,"column":73},"end":{"line":144,"column":92}},"skip":true},"11":{"name":"(anonymous_11)","line":272,"loc":{"start":{"line":272,"column":51},"end":{"line":272,"column":77}},"skip":true},"12":{"name":"(anonymous_12)","line":315,"loc":{"start":{"line":315,"column":32},"end":{"line":315,"column":61}},"skip":true}},"statementMap":{"1":{"start":{"line":26,"column":0},"end":{"line":326,"column":5}},"2":{"start":{"line":28,"column":4},"end":{"line":28,"column":14}},"3":{"start":{"line":33,"column":4},"end":{"line":60,"column":9}},"4":{"start":{"line":35,"column":8},"end":{"line":35,"column":19}},"5":{"start":{"line":37,"column":8},"end":{"line":49,"column":13}},"6":{"start":{"line":38,"column":12},"end":{"line":48,"column":13}},"7":{"start":{"line":39,"column":16},"end":{"line":42,"column":30}},"8":{"start":{"line":44,"column":16},"end":{"line":47,"column":27}},"9":{"start":{"line":51,"column":8},"end":{"line":53,"column":21}},"10":{"start":{"line":55,"column":8},"end":{"line":57,"column":45}},"11":{"start":{"line":59,"column":8},"end":{"line":59,"column":35}},"12":{"start":{"line":61,"column":4},"end":{"line":325,"column":5}},"13":{"start":{"line":69,"column":8},"end":{"line":121,"column":10},"skip":true},"14":{"start":{"line":70,"column":12},"end":{"line":88,"column":13},"skip":true},"15":{"start":{"line":76,"column":16},"end":{"line":87,"column":19},"skip":true},"16":{"start":{"line":79,"column":20},"end":{"line":86,"column":21},"skip":true},"17":{"start":{"line":82,"column":24},"end":{"line":82,"column":43},"skip":true},"18":{"start":{"line":83,"column":24},"end":{"line":83,"column":30},"skip":true},"19":{"start":{"line":85,"column":24},"end":{"line":85,"column":49},"skip":true},"20":{"start":{"line":89,"column":12},"end":{"line":107,"column":13},"skip":true},"21":{"start":{"line":92,"column":16},"end":{"line":102,"column":17},"skip":true},"22":{"start":{"line":93,"column":20},"end":{"line":93,"column":86},"skip":true},"23":{"start":{"line":94,"column":20},"end":{"line":95,"column":45},"skip":true},"24":{"start":{"line":96,"column":20},"end":{"line":96,"column":42},"skip":true},"25":{"start":{"line":97,"column":20},"end":{"line":97,"column":48},"skip":true},"26":{"start":{"line":100,"column":20},"end":{"line":100,"column":85},"skip":true},"27":{"start":{"line":101,"column":20},"end":{"line":101,"column":96},"skip":true},"28":{"start":{"line":103,"column":16},"end":{"line":103,"column":22},"skip":true},"29":{"start":{"line":106,"column":16},"end":{"line":106,"column":22},"skip":true},"30":{"start":{"line":108,"column":12},"end":{"line":120,"column":13},"skip":true},"31":{"start":{"line":114,"column":16},"end":{"line":119,"column":17},"skip":true},"32":{"start":{"line":116,"column":20},"end":{"line":116,"column":78},"skip":true},"33":{"start":{"line":118,"column":20},"end":{"line":118,"column":47},"skip":true},"34":{"start":{"line":123,"column":8},"end":{"line":141,"column":11},"skip":true},"35":{"start":{"line":124,"column":12},"end":{"line":124,"column":54},"skip":true},"36":{"start":{"line":125,"column":12},"end":{"line":140,"column":14},"skip":true},"37":{"start":{"line":126,"column":16},"end":{"line":126,"column":28},"skip":true},"38":{"start":{"line":127,"column":16},"end":{"line":127,"column":69},"skip":true},"39":{"start":{"line":128,"column":16},"end":{"line":128,"column":75},"skip":true},"40":{"start":{"line":129,"column":16},"end":{"line":131,"column":17},"skip":true},"41":{"start":{"line":130,"column":20},"end":{"line":130,"column":27},"skip":true},"42":{"start":{"line":133,"column":16},"end":{"line":137,"column":36},"skip":true},"43":{"start":{"line":134,"column":20},"end":{"line":136,"column":55},"skip":true},"44":{"start":{"line":139,"column":16},"end":{"line":139,"column":57},"skip":true},"45":{"start":{"line":143,"column":8},"end":{"line":147,"column":11},"skip":true},"46":{"start":{"line":144,"column":12},"end":{"line":146,"column":15},"skip":true},"47":{"start":{"line":145,"column":16},"end":{"line":145,"column":70},"skip":true},"48":{"start":{"line":149,"column":8},"end":{"line":149,"column":31},"skip":true},"49":{"start":{"line":150,"column":8},"end":{"line":150,"column":14},"skip":true},"50":{"start":{"line":158,"column":8},"end":{"line":158,"column":31},"skip":true},"51":{"start":{"line":160,"column":8},"end":{"line":160,"column":33},"skip":true},"52":{"start":{"line":161,"column":8},"end":{"line":161,"column":37},"skip":true},"53":{"start":{"line":162,"column":8},"end":{"line":162,"column":35},"skip":true},"54":{"start":{"line":164,"column":8},"end":{"line":164,"column":50},"skip":true},"55":{"start":{"line":166,"column":8},"end":{"line":256,"column":2},"skip":true},"56":{"start":{"line":258,"column":8},"end":{"line":286,"column":9},"skip":true},"57":{"start":{"line":259,"column":12},"end":{"line":269,"column":14},"skip":true},"58":{"start":{"line":271,"column":12},"end":{"line":285,"column":19},"skip":true},"59":{"start":{"line":274,"column":20},"end":{"line":274,"column":35},"skip":true},"60":{"start":{"line":275,"column":20},"end":{"line":284,"column":21},"skip":true},"61":{"start":{"line":277,"column":24},"end":{"line":277,"column":64},"skip":true},"62":{"start":{"line":279,"column":24},"end":{"line":279,"column":40},"skip":true},"63":{"start":{"line":281,"column":24},"end":{"line":281,"column":40},"skip":true},"64":{"start":{"line":283,"column":24},"end":{"line":283,"column":39},"skip":true},"65":{"start":{"line":288,"column":8},"end":{"line":290,"column":9},"skip":true},"66":{"start":{"line":289,"column":12},"end":{"line":289,"column":18},"skip":true},"67":{"start":{"line":291,"column":8},"end":{"line":293,"column":54},"skip":true},"68":{"start":{"line":296,"column":8},"end":{"line":301,"column":37},"skip":true},"69":{"start":{"line":303,"column":8},"end":{"line":303,"column":82},"skip":true},"70":{"start":{"line":306,"column":8},"end":{"line":308,"column":9},"skip":true},"71":{"start":{"line":307,"column":12},"end":{"line":307,"column":82},"skip":true},"72":{"start":{"line":310,"column":8},"end":{"line":312,"column":9},"skip":true},"73":{"start":{"line":311,"column":12},"end":{"line":311,"column":18},"skip":true},"74":{"start":{"line":313,"column":8},"end":{"line":313,"column":54},"skip":true},"75":{"start":{"line":314,"column":8},"end":{"line":314,"column":69},"skip":true},"76":{"start":{"line":315,"column":8},"end":{"line":323,"column":36},"skip":true},"77":{"start":{"line":316,"column":12},"end":{"line":316,"column":61},"skip":true},"78":{"start":{"line":317,"column":12},"end":{"line":320,"column":13},"skip":true},"79":{"start":{"line":318,"column":16},"end":{"line":318,"column":75},"skip":true},"80":{"start":{"line":319,"column":16},"end":{"line":319,"column":23},"skip":true},"81":{"start":{"line":321,"column":12},"end":{"line":321,"column":38},"skip":true},"82":{"start":{"line":322,"column":12},"end":{"line":322,"column":27},"skip":true},"83":{"start":{"line":324,"column":8},"end":{"line":324,"column":14},"skip":true}},"branchMap":{"1":{"line":39,"type":"binary-expr","locations":[{"start":{"line":39,"column":23},"end":{"line":39,"column":62}},{"start":{"line":40,"column":20},"end":{"line":40,"column":70}},{"start":{"line":41,"column":20},"end":{"line":41,"column":71}},{"start":{"line":42,"column":20},"end":{"line":42,"column":29}}]},"2":{"line":44,"type":"binary-expr","locations":[{"start":{"line":44,"column":23},"end":{"line":44,"column":37}},{"start":{"line":45,"column":20},"end":{"line":45,"column":61}},{"start":{"line":46,"column":20},"end":{"line":46,"column":70}},{"start":{"line":47,"column":20},"end":{"line":47,"column":26}}]},"3":{"line":51,"type":"cond-expr","locations":[{"start":{"line":52,"column":14},"end":{"line":52,"column":20}},{"start":{"line":53,"column":14},"end":{"line":53,"column":20}}]},"4":{"line":55,"type":"binary-expr","locations":[{"start":{"line":55,"column":16},"end":{"line":55,"column":44}},{"start":{"line":55,"column":49},"end":{"line":57,"column":43}}]},"5":{"line":55,"type":"cond-expr","locations":[{"start":{"line":56,"column":14},"end":{"line":56,"column":58}},{"start":{"line":57,"column":14},"end":{"line":57,"column":43}}]},"6":{"line":61,"type":"switch","locations":[{"start":{"line":68,"column":4},"end":{"line":150,"column":14},"skip":true},{"start":{"line":156,"column":4},"end":{"line":324,"column":14},"skip":true}]},"7":{"line":70,"type":"if","locations":[{"start":{"line":70,"column":12},"end":{"line":70,"column":12},"skip":true},{"start":{"line":70,"column":12},"end":{"line":70,"column":12},"skip":true}]},"8":{"line":70,"type":"binary-expr","locations":[{"start":{"line":70,"column":16},"end":{"line":70,"column":22},"skip":true},{"start":{"line":70,"column":27},"end":{"line":70,"column":32},"skip":true},{"start":{"line":71,"column":20},"end":{"line":71,"column":39},"skip":true},{"start":{"line":72,"column":20},"end":{"line":72,"column":49},"skip":true},{"start":{"line":73,"column":20},"end":{"line":73,"column":58},"skip":true},{"start":{"line":74,"column":20},"end":{"line":74,"column":69},"skip":true}]},"9":{"line":79,"type":"switch","locations":[{"start":{"line":80,"column":20},"end":{"line":80,"column":33},"skip":true},{"start":{"line":81,"column":20},"end":{"line":83,"column":30},"skip":true},{"start":{"line":84,"column":20},"end":{"line":85,"column":49},"skip":true}]},"10":{"line":89,"type":"switch","locations":[{"start":{"line":90,"column":12},"end":{"line":103,"column":22},"skip":true},{"start":{"line":105,"column":12},"end":{"line":106,"column":22},"skip":true}]},"11":{"line":89,"type":"binary-expr","locations":[{"start":{"line":89,"column":20},"end":{"line":89,"column":25},"skip":true},{"start":{"line":89,"column":29},"end":{"line":89,"column":48},"skip":true},{"start":{"line":89,"column":52},"end":{"line":89,"column":74},"skip":true}]},"12":{"line":92,"type":"if","locations":[{"start":{"line":92,"column":16},"end":{"line":92,"column":16},"skip":true},{"start":{"line":92,"column":16},"end":{"line":92,"column":16},"skip":true}]},"13":{"line":108,"type":"if","locations":[{"start":{"line":108,"column":12},"end":{"line":108,"column":12},"skip":true},{"start":{"line":108,"column":12},"end":{"line":108,"column":12},"skip":true}]},"14":{"line":108,"type":"binary-expr","locations":[{"start":{"line":108,"column":16},"end":{"line":108,"column":61},"skip":true},{"start":{"line":108,"column":66},"end":{"line":108,"column":72},"skip":true},{"start":{"line":108,"column":77},"end":{"line":108,"column":82},"skip":true},{"start":{"line":109,"column":20},"end":{"line":109,"column":39},"skip":true},{"start":{"line":110,"column":20},"end":{"line":110,"column":49},"skip":true},{"start":{"line":111,"column":20},"end":{"line":111,"column":58},"skip":true},{"start":{"line":112,"column":20},"end":{"line":112,"column":68},"skip":true}]},"15":{"line":129,"type":"if","locations":[{"start":{"line":129,"column":16},"end":{"line":129,"column":16},"skip":true},{"start":{"line":129,"column":16},"end":{"line":129,"column":16},"skip":true}]},"16":{"line":134,"type":"cond-expr","locations":[{"start":{"line":135,"column":26},"end":{"line":135,"column":29},"skip":true},{"start":{"line":136,"column":26},"end":{"line":136,"column":54},"skip":true}]},"17":{"line":164,"type":"binary-expr","locations":[{"start":{"line":164,"column":27},"end":{"line":164,"column":43},"skip":true},{"start":{"line":164,"column":47},"end":{"line":164,"column":49},"skip":true}]},"18":{"line":258,"type":"if","locations":[{"start":{"line":258,"column":8},"end":{"line":258,"column":8},"skip":true},{"start":{"line":258,"column":8},"end":{"line":258,"column":8},"skip":true}]},"19":{"line":275,"type":"switch","locations":[{"start":{"line":276,"column":20},"end":{"line":277,"column":64},"skip":true},{"start":{"line":278,"column":20},"end":{"line":279,"column":40},"skip":true},{"start":{"line":280,"column":20},"end":{"line":281,"column":40},"skip":true},{"start":{"line":282,"column":20},"end":{"line":283,"column":39},"skip":true}]},"20":{"line":288,"type":"if","locations":[{"start":{"line":288,"column":8},"end":{"line":288,"column":8},"skip":true},{"start":{"line":288,"column":8},"end":{"line":288,"column":8},"skip":true}]},"21":{"line":288,"type":"binary-expr","locations":[{"start":{"line":288,"column":12},"end":{"line":288,"column":40},"skip":true},{"start":{"line":288,"column":44},"end":{"line":288,"column":67},"skip":true}]},"22":{"line":292,"type":"binary-expr","locations":[{"start":{"line":292,"column":12},"end":{"line":292,"column":50},"skip":true},{"start":{"line":293,"column":12},"end":{"line":293,"column":53},"skip":true}]},"23":{"line":297,"type":"binary-expr","locations":[{"start":{"line":297,"column":12},"end":{"line":297,"column":72},"skip":true},{"start":{"line":298,"column":12},"end":{"line":301,"column":36},"skip":true}]},"24":{"line":303,"type":"binary-expr","locations":[{"start":{"line":303,"column":43},"end":{"line":303,"column":75},"skip":true},{"start":{"line":303,"column":79},"end":{"line":303,"column":81},"skip":true}]},"25":{"line":306,"type":"if","locations":[{"start":{"line":306,"column":8},"end":{"line":306,"column":8},"skip":true},{"start":{"line":306,"column":8},"end":{"line":306,"column":8},"skip":true}]},"26":{"line":310,"type":"if","locations":[{"start":{"line":310,"column":8},"end":{"line":310,"column":8},"skip":true},{"start":{"line":310,"column":8},"end":{"line":310,"column":8},"skip":true}]},"27":{"line":313,"type":"binary-expr","locations":[{"start":{"line":313,"column":27},"end":{"line":313,"column":43},"skip":true},{"start":{"line":313,"column":47},"end":{"line":313,"column":53},"skip":true}]},"28":{"line":317,"type":"if","locations":[{"start":{"line":317,"column":12},"end":{"line":317,"column":12},"skip":true},{"start":{"line":317,"column":12},"end":{"line":317,"column":12},"skip":true}]}},"code":["/*","example.js","","quickstart example","","instruction","    1. save this script as example.js","    2. run the shell command:","        $ npm install npmtest-npm-shrinkwrap && PORT=8081 node example.js","    3. play with the browser-demo on http://127.0.0.1:8081","*/","","","","/* istanbul instrument in package npmtest_npm_shrinkwrap */","/*jslint","    bitwise: true,","    browser: true,","    maxerr: 8,","    maxlen: 96,","    node: true,","    nomen: true,","    regexp: true,","    stupid: true","*/","(function () {","    'use strict';","    var local;","","","","    // run shared js-env code - pre-init","    (function () {","        // init local","        local = {};","        // init modeJs","        local.modeJs = (function () {","            try {","                return typeof navigator.userAgent === 'string' &&","                    typeof document.querySelector('body') === 'object' &&","                    typeof XMLHttpRequest.prototype.open === 'function' &&","                    'browser';","            } catch (errorCaughtBrowser) {","                return module.exports &&","                    typeof process.versions.node === 'string' &&","                    typeof require('http').createServer === 'function' &&","                    'node';","            }","        }());","        // init global","        local.global = local.modeJs === 'browser'","            ? window","            : global;","        // init utility2_rollup","        local = local.global.utility2_rollup || (local.modeJs === 'browser'","            ? local.global.utility2_npmtest_npm_shrinkwrap","            : global.utility2_moduleExports);","        // export local","        local.global.local = local;","    }());","    switch (local.modeJs) {","","","","    // post-init","    // run browser js-env code - post-init","    /* istanbul ignore next */","    case 'browser':","        local.testRunBrowser = function (event) {","            if (!event || (event &&","                    event.currentTarget &&","                    event.currentTarget.className &&","                    event.currentTarget.className.includes &&","                    event.currentTarget.className.includes('onreset'))) {","                // reset output","                Array.from(","                    document.querySelectorAll('body > .resettable')","                ).forEach(function (element) {","                    switch (element.tagName) {","                    case 'INPUT':","                    case 'TEXTAREA':","                        element.value = '';","                        break;","                    default:","                        element.textContent = '';","                    }","                });","            }","            switch (event && event.currentTarget && event.currentTarget.id) {","            case 'testRunButton1':","                // show tests","                if (document.querySelector('#testReportDiv1').style.display === 'none') {","                    document.querySelector('#testReportDiv1').style.display = 'block';","                    document.querySelector('#testRunButton1').textContent =","                        'hide internal test';","                    local.modeTest = true;","                    local.testRunDefault(local);","                // hide tests","                } else {","                    document.querySelector('#testReportDiv1').style.display = 'none';","                    document.querySelector('#testRunButton1').textContent = 'run internal test';","                }","                break;","            // custom-case","            default:","                break;","            }","            if (document.querySelector('#inputTextareaEval1') && (!event || (event &&","                    event.currentTarget &&","                    event.currentTarget.className &&","                    event.currentTarget.className.includes &&","                    event.currentTarget.className.includes('oneval')))) {","                // try to eval input-code","                try {","                    /*jslint evil: true*/","                    eval(document.querySelector('#inputTextareaEval1').value);","                } catch (errorCaught) {","                    console.error(errorCaught);","                }","            }","        };","        // log stderr and stdout to #outputTextareaStdout1","        ['error', 'log'].forEach(function (key) {","            console[key + '_original'] = console[key];","            console[key] = function () {","                var element;","                console[key + '_original'].apply(console, arguments);","                element = document.querySelector('#outputTextareaStdout1');","                if (!element) {","                    return;","                }","                // append text to #outputTextareaStdout1","                element.value += Array.from(arguments).map(function (arg) {","                    return typeof arg === 'string'","                        ? arg","                        : JSON.stringify(arg, null, 4);","                }).join(' ') + '\\n';","                // scroll textarea to bottom","                element.scrollTop = element.scrollHeight;","            };","        });","        // init event-handling","        ['change', 'click', 'keyup'].forEach(function (event) {","            Array.from(document.querySelectorAll('.on' + event)).forEach(function (element) {","                element.addEventListener(event, local.testRunBrowser);","            });","        });","        // run tests","        local.testRunBrowser();","        break;","","","","    // run node js-env code - post-init","    /* istanbul ignore next */","    case 'node':","        // export local","        module.exports = local;","        // require modules","        local.fs = require('fs');","        local.http = require('http');","        local.url = require('url');","        // init assets","        local.assetsDict = local.assetsDict || {};","        /* jslint-ignore-begin */","        local.assetsDict['/assets.index.template.html'] = '\\","<!doctype html>\\n\\","<html lang=\"en\">\\n\\","<head>\\n\\","<meta charset=\"UTF-8\">\\n\\","<meta name=\"viewport\" content=\"width=device-width, initial-scale=1\">\\n\\","<title>{{env.npm_package_name}} (v{{env.npm_package_version}})</title>\\n\\","<style>\\n\\","/*csslint\\n\\","    box-sizing: false,\\n\\","    universal-selector: false\\n\\","*/\\n\\","* {\\n\\","    box-sizing: border-box;\\n\\","}\\n\\","body {\\n\\","    background: #dde;\\n\\","    font-family: Arial, Helvetica, sans-serif;\\n\\","    margin: 2rem;\\n\\","}\\n\\","body > * {\\n\\","    margin-bottom: 1rem;\\n\\","}\\n\\",".utility2FooterDiv {\\n\\","    margin-top: 20px;\\n\\","    text-align: center;\\n\\","}\\n\\","</style>\\n\\","<style>\\n\\","/*csslint\\n\\","*/\\n\\","textarea {\\n\\","    font-family: monospace;\\n\\","    height: 10rem;\\n\\","    width: 100%;\\n\\","}\\n\\","textarea[readonly] {\\n\\","    background: #ddd;\\n\\","}\\n\\","</style>\\n\\","</head>\\n\\","<body>\\n\\","<!-- utility2-comment\\n\\","<div id=\"ajaxProgressDiv1\" style=\"background: #d00; height: 2px; left: 0; margin: 0; padding: 0; position: fixed; top: 0; transition: background 0.5s, width 1.5s; width: 25%;\"></div>\\n\\","utility2-comment -->\\n\\","<h1>\\n\\","<!-- utility2-comment\\n\\","    <a\\n\\","        {{#if env.npm_package_homepage}}\\n\\","        href=\"{{env.npm_package_homepage}}\"\\n\\","        {{/if env.npm_package_homepage}}\\n\\","        target=\"_blank\"\\n\\","    >\\n\\","utility2-comment -->\\n\\","        {{env.npm_package_name}} (v{{env.npm_package_version}})\\n\\","<!-- utility2-comment\\n\\","    </a>\\n\\","utility2-comment -->\\n\\","</h1>\\n\\","<h3>{{env.npm_package_description}}</h3>\\n\\","<!-- utility2-comment\\n\\","<h4><a download href=\"assets.app.js\">download standalone app</a></h4>\\n\\","<button class=\"onclick onreset\" id=\"testRunButton1\">run internal test</button><br>\\n\\","<div id=\"testReportDiv1\" style=\"display: none;\"></div>\\n\\","utility2-comment -->\\n\\","\\n\\","\\n\\","\\n\\","<label>stderr and stdout</label>\\n\\","<textarea class=\"resettable\" id=\"outputTextareaStdout1\" readonly></textarea>\\n\\","<!-- utility2-comment\\n\\","{{#if isRollup}}\\n\\","<script src=\"assets.app.js\"></script>\\n\\","{{#unless isRollup}}\\n\\","utility2-comment -->\\n\\","<script src=\"assets.utility2.rollup.js\"></script>\\n\\","<script src=\"jsonp.utility2._stateInit?callback=window.utility2._stateInit\"></script>\\n\\","<script src=\"assets.npmtest_npm_shrinkwrap.rollup.js\"></script>\\n\\","<script src=\"assets.example.js\"></script>\\n\\","<script src=\"assets.test.js\"></script>\\n\\","<!-- utility2-comment\\n\\","{{/if isRollup}}\\n\\","utility2-comment -->\\n\\","<div class=\"utility2FooterDiv\">\\n\\","    [ this app was created with\\n\\","    <a href=\"https://github.com/kaizhu256/node-utility2\" target=\"_blank\">utility2</a>\\n\\","    ]\\n\\","</div>\\n\\","</body>\\n\\","</html>\\n\\","';","        /* jslint-ignore-end */","        if (local.templateRender) {","            local.assetsDict['/'] = local.templateRender(","                local.assetsDict['/assets.index.template.html'],","                {","                    env: local.objectSetDefault(local.env, {","                        npm_package_description: 'the greatest app in the world!',","                        npm_package_name: 'my-app',","                        npm_package_nameAlias: 'my_app',","                        npm_package_version: '0.0.1'","                    })","                }","            );","        } else {","            local.assetsDict['/'] = local.assetsDict['/assets.index.template.html']","                .replace((/\\{\\{env\\.(\\w+?)\\}\\}/g), function (match0, match1) {","                    // jslint-hack","                    String(match0);","                    switch (match1) {","                    case 'npm_package_description':","                        return 'the greatest app in the world!';","                    case 'npm_package_name':","                        return 'my-app';","                    case 'npm_package_nameAlias':","                        return 'my_app';","                    case 'npm_package_version':","                        return '0.0.1';","                    }","                });","        }","        // run the cli","        if (local.global.utility2_rollup || module !== require.main) {","            break;","        }","        local.assetsDict['/assets.example.js'] =","            local.assetsDict['/assets.example.js'] ||","            local.fs.readFileSync(__filename, 'utf8');","        // bug-workaround - long $npm_package_buildCustomOrg","        /* jslint-ignore-begin */","        local.assetsDict['/assets.npmtest_npm_shrinkwrap.rollup.js'] =","            local.assetsDict['/assets.npmtest_npm_shrinkwrap.rollup.js'] ||","            local.fs.readFileSync(","                local.npmtest_npm_shrinkwrap.__dirname + '/lib.npmtest_npm_shrinkwrap.js',","                'utf8'","            ).replace((/^#!/), '//');","        /* jslint-ignore-end */","        local.assetsDict['/favicon.ico'] = local.assetsDict['/favicon.ico'] || '';","        // if $npm_config_timeout_exit exists,","        // then exit this process after $npm_config_timeout_exit ms","        if (Number(process.env.npm_config_timeout_exit)) {","            setTimeout(process.exit, Number(process.env.npm_config_timeout_exit));","        }","        // start server","        if (local.global.utility2_serverHttp1) {","            break;","        }","        process.env.PORT = process.env.PORT || '8081';","        console.error('server starting on port ' + process.env.PORT);","        local.http.createServer(function (request, response) {","            request.urlParsed = local.url.parse(request.url);","            if (local.assetsDict[request.urlParsed.pathname] !== undefined) {","                response.end(local.assetsDict[request.urlParsed.pathname]);","                return;","            }","            response.statusCode = 404;","            response.end();","        }).listen(process.env.PORT);","        break;","    }","}());",""],"l":{"26":2,"28":2,"33":2,"35":2,"37":2,"38":2,"39":2,"44":1,"51":2,"55":2,"59":2,"61":2,"69":1,"70":2,"76":2,"79":2,"82":2,"83":2,"85":1,"89":2,"92":1,"93":1,"94":1,"96":1,"97":1,"100":1,"101":1,"103":1,"106":1,"108":2,"114":1,"116":1,"118":1,"123":1,"124":2,"125":2,"126":3,"127":3,"128":3,"129":3,"130":1,"133":3,"134":3,"139":3,"143":1,"144":3,"145":1,"149":1,"150":1,"158":1,"160":1,"161":1,"162":1,"164":1,"166":1,"258":1,"259":1,"271":1,"274":6,"275":6,"277":1,"279":2,"281":1,"283":2,"288":1,"289":1,"291":1,"296":1,"303":1,"306":1,"307":1,"310":1,"311":1,"313":1,"314":1,"315":1,"316":1,"317":1,"318":1,"319":1,"321":1,"322":1,"324":1}},"/home/travis/build/npmtest/node-npmtest-npm-shrinkwrap/node_modules/npm-shrinkwrap/index.js":{"path":"/home/travis/build/npmtest/node-npmtest-npm-shrinkwrap/node_modules/npm-shrinkwrap/index.js","s":{"1":1,"2":1,"3":1,"4":1,"5":1,"6":1,"7":1,"8":1,"9":1,"10":1,"11":1,"12":1,"13":1,"14":1,"15":0,"16":0,"17":0,"18":0,"19":0,"20":1,"21":0,"22":0,"23":0,"24":0,"25":1,"26":0,"27":0,"28":0,"29":0,"30":0,"31":0,"32":1,"33":0,"34":0,"35":0,"36":0,"37":0,"38":0,"39":0,"40":0,"41":0,"42":0,"43":0,"44":0,"45":0,"46":0,"47":0,"48":0,"49":0,"50":1,"51":0,"52":0,"53":0,"54":0,"55":1,"56":0,"57":0,"58":0,"59":0,"60":0,"61":0,"62":0,"63":1,"64":0,"65":0,"66":0,"67":1,"68":0,"69":0,"70":0,"71":0,"72":0,"73":0,"74":0,"75":0,"76":1,"77":0,"78":0,"79":0,"80":1,"81":0,"82":0,"83":0,"84":1,"85":0,"86":0,"87":0,"88":0,"89":0,"90":0,"91":0,"92":0,"93":0,"94":0,"95":0,"96":0,"97":0,"98":1,"99":0,"100":0,"101":0,"102":0,"103":0,"104":0,"105":1,"106":0,"107":0,"108":0,"109":0,"110":0,"111":0,"112":0,"113":0,"114":0,"115":0,"116":0,"117":0,"118":0,"119":1,"120":1,"121":0,"122":0,"123":0,"124":0,"125":1,"126":0,"127":0},"b":{"1":[0,0],"2":[0,0],"3":[0,0],"4":[0,0],"5":[0,0],"6":[0,0],"7":[0,0],"8":[0,0],"9":[0,0],"10":[0,0,0],"11":[0,0],"12":[0,0],"13":[0,0],"14":[0,0],"15":[0,0],"16":[0,0],"17":[0,0],"18":[0,0],"19":[0,0],"20":[0,0],"21":[0,0],"22":[0,0],"23":[0,0],"24":[0,0],"25":[0,0],"26":[0,0],"27":[0,0,0],"28":[0,0],"29":[0,0]},"f":{"1":0,"2":0,"3":0,"4":0,"5":0,"6":0,"7":0,"8":0,"9":0,"10":0,"11":0,"12":0,"13":0,"14":0,"15":0,"16":0,"17":0,"18":0,"19":0,"20":0,"21":0,"22":0,"23":0,"24":0,"25":0},"fnMap":{"1":{"name":"npmShrinkwrap","line":64,"loc":{"start":{"line":64,"column":0},"end":{"line":64,"column":39}}},"2":{"name":"verifyTree","line":78,"loc":{"start":{"line":78,"column":4},"end":{"line":78,"column":34}}},"3":{"name":"onls","line":89,"loc":{"start":{"line":89,"column":8},"end":{"line":89,"column":39}}},"4":{"name":"onverify","line":102,"loc":{"start":{"line":102,"column":8},"end":{"line":102,"column":39}}},"5":{"name":"(anonymous_5)","line":112,"loc":{"start":{"line":112,"column":39},"end":{"line":112,"column":56}}},"6":{"name":"(anonymous_6)","line":125,"loc":{"start":{"line":125,"column":38},"end":{"line":125,"column":56}}},"7":{"name":"onnpm","line":144,"loc":{"start":{"line":144,"column":4},"end":{"line":144,"column":29}}},"8":{"name":"onfile","line":152,"loc":{"start":{"line":152,"column":8},"end":{"line":152,"column":44}}},"9":{"name":"(anonymous_9)","line":169,"loc":{"start":{"line":169,"column":24},"end":{"line":169,"column":37}}},"10":{"name":"onwrapped","line":177,"loc":{"start":{"line":177,"column":12},"end":{"line":177,"column":36}}},"11":{"name":"onnewfile","line":185,"loc":{"start":{"line":185,"column":12},"end":{"line":185,"column":51}}},"12":{"name":"(anonymous_12)","line":190,"loc":{"start":{"line":190,"column":29},"end":{"line":190,"column":42}}},"13":{"name":"onshrinkwrap","line":204,"loc":{"start":{"line":204,"column":4},"end":{"line":204,"column":31}}},"14":{"name":"onResolved","line":212,"loc":{"start":{"line":212,"column":4},"end":{"line":212,"column":29}}},"15":{"name":"ontrim","line":220,"loc":{"start":{"line":220,"column":4},"end":{"line":220,"column":25}}},"16":{"name":"(anonymous_16)","line":227,"loc":{"start":{"line":227,"column":27},"end":{"line":227,"column":57}}},"17":{"name":"(anonymous_17)","line":238,"loc":{"start":{"line":238,"column":48},"end":{"line":238,"column":63}}},"18":{"name":"onfinalwrap","line":248,"loc":{"start":{"line":248,"column":4},"end":{"line":248,"column":42}}},"19":{"name":"(anonymous_19)","line":253,"loc":{"start":{"line":253,"column":19},"end":{"line":253,"column":34}}},"20":{"name":"onsync","line":262,"loc":{"start":{"line":262,"column":4},"end":{"line":262,"column":37}}},"21":{"name":"(anonymous_21)","line":273,"loc":{"start":{"line":273,"column":33},"end":{"line":273,"column":62}}},"22":{"name":"(anonymous_22)","line":274,"loc":{"start":{"line":274,"column":47},"end":{"line":274,"column":60}}},"23":{"name":"getNPM","line":299,"loc":{"start":{"line":299,"column":0},"end":{"line":299,"column":18}}},"24":{"name":"(anonymous_24)","line":300,"loc":{"start":{"line":300,"column":39},"end":{"line":300,"column":54}}},"25":{"name":"NPMError","line":307,"loc":{"start":{"line":307,"column":0},"end":{"line":307,"column":27}}}},"statementMap":{"1":{"start":{"line":1,"column":0},"end":{"line":1,"column":50}},"2":{"start":{"line":2,"column":0},"end":{"line":2,"column":33}},"3":{"start":{"line":3,"column":0},"end":{"line":3,"column":27}},"4":{"start":{"line":4,"column":0},"end":{"line":4,"column":32}},"5":{"start":{"line":5,"column":0},"end":{"line":5,"column":44}},"6":{"start":{"line":6,"column":0},"end":{"line":6,"column":38}},"7":{"start":{"line":8,"column":0},"end":{"line":8,"column":47}},"8":{"start":{"line":9,"column":0},"end":{"line":9,"column":56}},"9":{"start":{"line":10,"column":0},"end":{"line":10,"column":43}},"10":{"start":{"line":11,"column":0},"end":{"line":11,"column":47}},"11":{"start":{"line":12,"column":0},"end":{"line":12,"column":45}},"12":{"start":{"line":13,"column":0},"end":{"line":13,"column":30}},"13":{"start":{"line":14,"column":0},"end":{"line":14,"column":36}},"14":{"start":{"line":64,"column":0},"end":{"line":290,"column":1}},"15":{"start":{"line":65,"column":4},"end":{"line":67,"column":5}},"16":{"start":{"line":66,"column":8},"end":{"line":66,"column":33}},"17":{"start":{"line":69,"column":4},"end":{"line":69,"column":25}},"18":{"start":{"line":70,"column":4},"end":{"line":70,"column":30}},"19":{"start":{"line":72,"column":4},"end":{"line":76,"column":19}},"20":{"start":{"line":78,"column":4},"end":{"line":142,"column":5}},"21":{"start":{"line":79,"column":8},"end":{"line":81,"column":9}},"22":{"start":{"line":80,"column":12},"end":{"line":80,"column":33}},"23":{"start":{"line":85,"column":8},"end":{"line":85,"column":37}},"24":{"start":{"line":87,"column":8},"end":{"line":87,"column":40}},"25":{"start":{"line":89,"column":8},"end":{"line":100,"column":9}},"26":{"start":{"line":90,"column":12},"end":{"line":92,"column":13}},"27":{"start":{"line":91,"column":16},"end":{"line":91,"column":37}},"28":{"start":{"line":94,"column":12},"end":{"line":97,"column":13}},"29":{"start":{"line":95,"column":16},"end":{"line":95,"column":46}},"30":{"start":{"line":96,"column":16},"end":{"line":96,"column":39}},"31":{"start":{"line":99,"column":12},"end":{"line":99,"column":38}},"32":{"start":{"line":102,"column":8},"end":{"line":141,"column":9}},"33":{"start":{"line":103,"column":12},"end":{"line":105,"column":13}},"34":{"start":{"line":104,"column":16},"end":{"line":104,"column":37}},"35":{"start":{"line":107,"column":12},"end":{"line":109,"column":13}},"36":{"start":{"line":108,"column":16},"end":{"line":108,"column":40}},"37":{"start":{"line":111,"column":12},"end":{"line":111,"column":48}},"38":{"start":{"line":112,"column":12},"end":{"line":114,"column":15}},"39":{"start":{"line":113,"column":16},"end":{"line":113,"column":60}},"40":{"start":{"line":116,"column":12},"end":{"line":123,"column":13}},"41":{"start":{"line":117,"column":16},"end":{"line":122,"column":19}},"42":{"start":{"line":125,"column":12},"end":{"line":131,"column":19}},"43":{"start":{"line":126,"column":16},"end":{"line":128,"column":17}},"44":{"start":{"line":127,"column":20},"end":{"line":127,"column":37}},"45":{"start":{"line":130,"column":16},"end":{"line":130,"column":27}},"46":{"start":{"line":133,"column":12},"end":{"line":138,"column":13}},"47":{"start":{"line":136,"column":16},"end":{"line":136,"column":41}},"48":{"start":{"line":137,"column":16},"end":{"line":137,"column":40}},"49":{"start":{"line":140,"column":12},"end":{"line":140,"column":28}},"50":{"start":{"line":144,"column":4},"end":{"line":202,"column":5}},"51":{"start":{"line":145,"column":8},"end":{"line":147,"column":9}},"52":{"start":{"line":146,"column":12},"end":{"line":146,"column":33}},"53":{"start":{"line":149,"column":8},"end":{"line":149,"column":70}},"54":{"start":{"line":150,"column":8},"end":{"line":150,"column":35}},"55":{"start":{"line":152,"column":8},"end":{"line":201,"column":9}},"56":{"start":{"line":153,"column":12},"end":{"line":158,"column":13}},"57":{"start":{"line":156,"column":16},"end":{"line":156,"column":64}},"58":{"start":{"line":157,"column":16},"end":{"line":157,"column":23}},"59":{"start":{"line":160,"column":12},"end":{"line":160,"column":43}},"60":{"start":{"line":168,"column":12},"end":{"line":173,"column":19}},"61":{"start":{"line":170,"column":20},"end":{"line":172,"column":40}},"62":{"start":{"line":175,"column":12},"end":{"line":175,"column":57}},"63":{"start":{"line":177,"column":12},"end":{"line":183,"column":13}},"64":{"start":{"line":178,"column":16},"end":{"line":180,"column":17}},"65":{"start":{"line":179,"column":20},"end":{"line":179,"column":41}},"66":{"start":{"line":182,"column":16},"end":{"line":182,"column":46}},"67":{"start":{"line":185,"column":12},"end":{"line":200,"column":13}},"68":{"start":{"line":186,"column":16},"end":{"line":188,"column":17}},"69":{"start":{"line":187,"column":20},"end":{"line":187,"column":41}},"70":{"start":{"line":190,"column":16},"end":{"line":194,"column":19}},"71":{"start":{"line":191,"column":20},"end":{"line":193,"column":21}},"72":{"start":{"line":192,"column":24},"end":{"line":192,"column":60}},"73":{"start":{"line":196,"column":16},"end":{"line":196,"column":60}},"74":{"start":{"line":198,"column":16},"end":{"line":198,"column":72}},"75":{"start":{"line":199,"column":16},"end":{"line":199,"column":66}},"76":{"start":{"line":204,"column":4},"end":{"line":210,"column":5}},"77":{"start":{"line":205,"column":8},"end":{"line":207,"column":9}},"78":{"start":{"line":206,"column":12},"end":{"line":206,"column":33}},"79":{"start":{"line":209,"column":8},"end":{"line":209,"column":38}},"80":{"start":{"line":212,"column":4},"end":{"line":218,"column":5}},"81":{"start":{"line":213,"column":8},"end":{"line":215,"column":9}},"82":{"start":{"line":214,"column":12},"end":{"line":214,"column":33}},"83":{"start":{"line":217,"column":8},"end":{"line":217,"column":31}},"84":{"start":{"line":220,"column":4},"end":{"line":246,"column":5}},"85":{"start":{"line":221,"column":8},"end":{"line":223,"column":9}},"86":{"start":{"line":222,"column":12},"end":{"line":222,"column":33}},"87":{"start":{"line":225,"column":8},"end":{"line":226,"column":35}},"88":{"start":{"line":227,"column":8},"end":{"line":245,"column":11}},"89":{"start":{"line":228,"column":12},"end":{"line":230,"column":13}},"90":{"start":{"line":229,"column":16},"end":{"line":229,"column":37}},"91":{"start":{"line":232,"column":12},"end":{"line":235,"column":13}},"92":{"start":{"line":233,"column":16},"end":{"line":234,"column":41}},"93":{"start":{"line":237,"column":12},"end":{"line":237,"column":68}},"94":{"start":{"line":238,"column":12},"end":{"line":244,"column":15}},"95":{"start":{"line":239,"column":16},"end":{"line":241,"column":17}},"96":{"start":{"line":240,"column":20},"end":{"line":240,"column":41}},"97":{"start":{"line":243,"column":16},"end":{"line":243,"column":48}},"98":{"start":{"line":248,"column":4},"end":{"line":260,"column":5}},"99":{"start":{"line":249,"column":8},"end":{"line":251,"column":9}},"100":{"start":{"line":250,"column":12},"end":{"line":250,"column":33}},"101":{"start":{"line":253,"column":8},"end":{"line":259,"column":11}},"102":{"start":{"line":254,"column":12},"end":{"line":256,"column":13}},"103":{"start":{"line":255,"column":16},"end":{"line":255,"column":37}},"104":{"start":{"line":258,"column":12},"end":{"line":258,"column":37}},"105":{"start":{"line":262,"column":4},"end":{"line":289,"column":5}},"106":{"start":{"line":263,"column":8},"end":{"line":265,"column":9}},"107":{"start":{"line":264,"column":12},"end":{"line":264,"column":33}},"108":{"start":{"line":267,"column":8},"end":{"line":267,"column":50}},"109":{"start":{"line":268,"column":8},"end":{"line":268,"column":24}},"110":{"start":{"line":270,"column":8},"end":{"line":282,"column":9}},"111":{"start":{"line":273,"column":12},"end":{"line":281,"column":15}},"112":{"start":{"line":274,"column":16},"end":{"line":276,"column":35}},"113":{"start":{"line":275,"column":20},"end":{"line":275,"column":48}},"114":{"start":{"line":278,"column":16},"end":{"line":280,"column":17}},"115":{"start":{"line":279,"column":20},"end":{"line":279,"column":49}},"116":{"start":{"line":284,"column":8},"end":{"line":286,"column":9}},"117":{"start":{"line":285,"column":12},"end":{"line":285,"column":63}},"118":{"start":{"line":288,"column":8},"end":{"line":288,"column":33}},"119":{"start":{"line":292,"column":0},"end":{"line":292,"column":31}},"120":{"start":{"line":299,"column":0},"end":{"line":305,"column":1}},"121":{"start":{"line":300,"column":4},"end":{"line":302,"column":7}},"122":{"start":{"line":301,"column":8},"end":{"line":301,"column":34}},"123":{"start":{"line":303,"column":4},"end":{"line":303,"column":29}},"124":{"start":{"line":304,"column":4},"end":{"line":304,"column":15}},"125":{"start":{"line":307,"column":0},"end":{"line":314,"column":1}},"126":{"start":{"line":308,"column":4},"end":{"line":308,"column":51}},"127":{"start":{"line":310,"column":4},"end":{"line":313,"column":7}}},"branchMap":{"1":{"line":65,"type":"if","locations":[{"start":{"line":65,"column":4},"end":{"line":65,"column":4}},{"start":{"line":65,"column":4},"end":{"line":65,"column":4}}]},"2":{"line":79,"type":"if","locations":[{"start":{"line":79,"column":8},"end":{"line":79,"column":8}},{"start":{"line":79,"column":8},"end":{"line":79,"column":8}}]},"3":{"line":90,"type":"if","locations":[{"start":{"line":90,"column":12},"end":{"line":90,"column":12}},{"start":{"line":90,"column":12},"end":{"line":90,"column":12}}]},"4":{"line":94,"type":"if","locations":[{"start":{"line":94,"column":12},"end":{"line":94,"column":12}},{"start":{"line":94,"column":12},"end":{"line":94,"column":12}}]},"5":{"line":103,"type":"if","locations":[{"start":{"line":103,"column":12},"end":{"line":103,"column":12}},{"start":{"line":103,"column":12},"end":{"line":103,"column":12}}]},"6":{"line":107,"type":"if","locations":[{"start":{"line":107,"column":12},"end":{"line":107,"column":12}},{"start":{"line":107,"column":12},"end":{"line":107,"column":12}}]},"7":{"line":116,"type":"if","locations":[{"start":{"line":116,"column":12},"end":{"line":116,"column":12}},{"start":{"line":116,"column":12},"end":{"line":116,"column":12}}]},"8":{"line":126,"type":"if","locations":[{"start":{"line":126,"column":16},"end":{"line":126,"column":16}},{"start":{"line":126,"column":16},"end":{"line":126,"column":16}}]},"9":{"line":133,"type":"if","locations":[{"start":{"line":133,"column":12},"end":{"line":133,"column":12}},{"start":{"line":133,"column":12},"end":{"line":133,"column":12}}]},"10":{"line":133,"type":"binary-expr","locations":[{"start":{"line":133,"column":16},"end":{"line":133,"column":36}},{"start":{"line":133,"column":40},"end":{"line":133,"column":58}},{"start":{"line":134,"column":16},"end":{"line":134,"column":52}}]},"11":{"line":145,"type":"if","locations":[{"start":{"line":145,"column":8},"end":{"line":145,"column":8}},{"start":{"line":145,"column":8},"end":{"line":145,"column":8}}]},"12":{"line":153,"type":"if","locations":[{"start":{"line":153,"column":12},"end":{"line":153,"column":12}},{"start":{"line":153,"column":12},"end":{"line":153,"column":12}}]},"13":{"line":178,"type":"if","locations":[{"start":{"line":178,"column":16},"end":{"line":178,"column":16}},{"start":{"line":178,"column":16},"end":{"line":178,"column":16}}]},"14":{"line":186,"type":"if","locations":[{"start":{"line":186,"column":16},"end":{"line":186,"column":16}},{"start":{"line":186,"column":16},"end":{"line":186,"column":16}}]},"15":{"line":191,"type":"if","locations":[{"start":{"line":191,"column":20},"end":{"line":191,"column":20}},{"start":{"line":191,"column":20},"end":{"line":191,"column":20}}]},"16":{"line":205,"type":"if","locations":[{"start":{"line":205,"column":8},"end":{"line":205,"column":8}},{"start":{"line":205,"column":8},"end":{"line":205,"column":8}}]},"17":{"line":213,"type":"if","locations":[{"start":{"line":213,"column":8},"end":{"line":213,"column":8}},{"start":{"line":213,"column":8},"end":{"line":213,"column":8}}]},"18":{"line":221,"type":"if","locations":[{"start":{"line":221,"column":8},"end":{"line":221,"column":8}},{"start":{"line":221,"column":8},"end":{"line":221,"column":8}}]},"19":{"line":228,"type":"if","locations":[{"start":{"line":228,"column":12},"end":{"line":228,"column":12}},{"start":{"line":228,"column":12},"end":{"line":228,"column":12}}]},"20":{"line":232,"type":"if","locations":[{"start":{"line":232,"column":12},"end":{"line":232,"column":12}},{"start":{"line":232,"column":12},"end":{"line":232,"column":12}}]},"21":{"line":239,"type":"if","locations":[{"start":{"line":239,"column":16},"end":{"line":239,"column":16}},{"start":{"line":239,"column":16},"end":{"line":239,"column":16}}]},"22":{"line":249,"type":"if","locations":[{"start":{"line":249,"column":8},"end":{"line":249,"column":8}},{"start":{"line":249,"column":8},"end":{"line":249,"column":8}}]},"23":{"line":254,"type":"if","locations":[{"start":{"line":254,"column":12},"end":{"line":254,"column":12}},{"start":{"line":254,"column":12},"end":{"line":254,"column":12}}]},"24":{"line":263,"type":"if","locations":[{"start":{"line":263,"column":8},"end":{"line":263,"column":8}},{"start":{"line":263,"column":8},"end":{"line":263,"column":8}}]},"25":{"line":267,"type":"cond-expr","locations":[{"start":{"line":267,"column":35},"end":{"line":267,"column":44}},{"start":{"line":267,"column":47},"end":{"line":267,"column":49}}]},"26":{"line":270,"type":"if","locations":[{"start":{"line":270,"column":8},"end":{"line":270,"column":8}},{"start":{"line":270,"column":8},"end":{"line":270,"column":8}}]},"27":{"line":270,"type":"binary-expr","locations":[{"start":{"line":270,"column":12},"end":{"line":270,"column":27}},{"start":{"line":270,"column":31},"end":{"line":270,"column":61}},{"start":{"line":271,"column":12},"end":{"line":271,"column":40}}]},"28":{"line":278,"type":"if","locations":[{"start":{"line":278,"column":16},"end":{"line":278,"column":16}},{"start":{"line":278,"column":16},"end":{"line":278,"column":16}}]},"29":{"line":284,"type":"if","locations":[{"start":{"line":284,"column":8},"end":{"line":284,"column":8}},{"start":{"line":284,"column":8},"end":{"line":284,"column":8}}]}},"code":["var ValidationError = require('error/validation');","var find = require('array-find');","var path = require('path');","var fs = require('graceful-fs');","var sortedObject = require('sorted-object');","var readJSON = require('./read-json');","","var setResolved = require('./set-resolved.js');","var trimFrom = require('./trim-and-sort-shrinkwrap.js');","var verifyGit = require('./verify-git.js');","var walkDeps = require('./walk-shrinkwrap.js');","var trimNested = require('./trim-nested.js');","var sync = require('./sync/');","var ERRORS = require('./errors.js');","","/*  npm-shrinkwrap algorithm","","     - run `npm ls` to verify that node_modules & package.json","        agree.","","     - run `verifyGit()` which has a similar algorithm to ","        `npm ls` and will verify that node_modules & package.json","        agree for all git links.","","     - read the old `npm-shrinkwrap.json` into memory","","     - run `npm shrinkwrap`","","     - copy over excess non-standard keys from old shrinkwrap","        into new shrinkwrap and write new shrinkwrap with extra","        keys to disk.","","     - run `setResolved()` which will ensure that the new","        npm-shrinkwrap.json has a `\"resolved\"` field for every","        package and writes it to disk.","","     - run `trimFrom()` which normalizes or removes the `\"from\"`","        field from the new npm-shrinkwrap.json. It also sorts","        the new npm-shrinkwrap.json deterministically then","        writes that to disk","","     - run `trimNested()` which will trim any changes in the","        npm-shrinkwrap.json to dependencies at depth >=1. i.e.","        any changes to nested dependencies without changes to","        the direct parent dependency just get deleted","","     - run `sync()` to the new `npm-shrinkwrap.json` back into","        the `node_modules` folder","","","    npm-shrinkwrap NOTES:","","     - `verifyGit()` only has a depth of 0, where as `npm ls`","        has depth infinity.","","     - `verifyGit()` is only sound for git tags. This means that","        for non git tags it gives warnings / errors instead.","","     - `trimFrom()` also sorts and rewrites the package.json","        for consistency","","*/","","function npmShrinkwrap(opts, callback) {","    if (typeof opts === 'string') {","        opts = { dirname: opts };","    }","","    var _warnings = null;","    var _oldShrinkwrap = null;","","    getNPM().load({","        prefix: opts.dirname,","        dev: opts.dev,","        loglevel: 'error'","    }, verifyTree);","","    function verifyTree(err, npm) {","        if (err) {","            return callback(err);","        }","","        // when running under `npm test` depth is set to 1","        // reset it to a high number like 100","        npm.config.set('depth', 100);","","        npm.commands.ls([], true, onls);","","        function onls(err, _, pkginfo) {","            if (err) {","                return callback(err);","            }","","            if (pkginfo.problems) {","                var error = NPMError(pkginfo);","                return callback(error);","            }","","            verifyGit(opts, onverify);","        }","","        function onverify(err, errors) {","            if (err) {","                return callback(err);","            }","","            if (errors.length === 0) {","                return onnpm(null, npm);","            }","","            var error = ValidationError(errors);","            var invalid = find(errors, function (error) {","                return error.type === 'invalid.git.version';","            });","","            if (invalid) {","                error = ERRORS.InvalidVersionsNPMError({","                    actual: invalid.actual,","                    name: invalid.name,","                    dirname: invalid.dirname,","                    errors: error.errors","                });","            }","","            var types = errors.reduce(function (acc, e) {","                if (acc.indexOf(e.type) === -1) {","                    acc.push(e.type);","                }","","                return acc;","            }, []);","","            if (opts.warnOnNotSemver && types.length === 1 &&","                types[0] === 'gitlink.tag.notsemver'","            ) {","                _warnings = error.errors;","                return onnpm(null, npm);","            }","","            callback(error);","        }","    }","","    function onnpm(err, npm) {","        if (err) {","            return callback(err);","        }","","        var fileName = path.join(opts.dirname, 'npm-shrinkwrap.json');","        readJSON(fileName, onfile);","","        function onfile(err, oldShrinkwrap) {","            if (err) {","                // if no npm-shrinkwrap.json exists then just","                // create one","                npm.commands.shrinkwrap({}, true, onshrinkwrap);","                return;","            }","","            _oldShrinkwrap = oldShrinkwrap;","","            /* npm.commands.shrinkwrap will blow away any","                extra keys that you set.","","                We have to read extra keys & set them again","                after shrinkwrap is done","            */","            var keys = Object.keys(oldShrinkwrap)","                .filter(function (k) {","                    return [","                        'name', 'version', 'dependencies'","                    ].indexOf(k) === -1;","                });","","            npm.commands.shrinkwrap({}, true, onwrapped);","","            function onwrapped(err) {","                if (err) {","                    return callback(err);","                }","","                readJSON(fileName, onnewfile);","            }","","            function onnewfile(err, newShrinkwrap) {","                if (err) {","                    return callback(err);","                }","","                keys.forEach(function (k) {","                    if (!newShrinkwrap[k]) {","                        newShrinkwrap[k] = oldShrinkwrap[k];","                    }","                });","","                newShrinkwrap = sortedObject(newShrinkwrap);","","                var buf = JSON.stringify(newShrinkwrap, null, 2) + '\\n';","                fs.writeFile(fileName, buf, 'utf8', onshrinkwrap);","            }","        }","    }","","    function onshrinkwrap(err) {","        if (err) {","            return callback(err);","        }","","        setResolved(opts, onResolved);","    }","","    function onResolved(err) {","        if (err) {","            return callback(err);","        }","","        trimFrom(opts, ontrim);","    }","","    function ontrim(err) {","        if (err) {","            return callback(err);","        }","","        var fileName = path.join(opts.dirname,","            'npm-shrinkwrap.json');","        readJSON(fileName, function (err, newShrinkwrap) {","            if (err) {","                return callback(err);","            }","","            if (_oldShrinkwrap) {","                newShrinkwrap = trimNested(_oldShrinkwrap,","                    newShrinkwrap, opts);","            }","","            var buf = JSON.stringify(newShrinkwrap, null, 2) + '\\n';","            fs.writeFile(fileName, buf, 'utf8', function (err) {","                if (err) {","                    return callback(err);","                }","","                readJSON(fileName, onfinalwrap);","            });","        });","    }","","    function onfinalwrap(err, shrinkwrap) {","        if (err) {","            return callback(err);","        }","","        sync(opts, function (err) {","            if (err) {","                return callback(err);","            }","","            onsync(null, shrinkwrap);","        });","    }","","    function onsync(err, shrinkwrap) {","        if (err) {","            return callback(err);","        }","","        var warnings = _warnings ? _warnings : [];","        var errors = [];","","        if (opts.validators && Array.isArray(opts.validators) &&","            opts.validators.length !== 0","        ) {","            walkDeps(shrinkwrap, function (node, key, parent) {","                var errs = opts.validators.map(function (f) {","                    return f(node, key, parent);","                }).filter(Boolean);","","                if (errs.length) {","                    errors = errors.concat(errs);","                }","            });","        }","","        if (errors.length) {","            return callback(ValidationError(errors), warnings);","        }","","        callback(null, warnings);","    }","}"," ","module.exports = npmShrinkwrap;","","/*  you cannot call `npm.load()` twice with different prefixes.","    ","    The only fix is to clear the entire node require cache and","      get a fresh duplicate copy of the entire npm library","*/","function getNPM() {","    Object.keys(require.cache).forEach(function (key) {","        delete require.cache[key];","    });","    var NPM = require('npm');","    return NPM;","}","","function NPMError(pkginfo) {","    var problemsText = pkginfo.problems.join('\\n');","","    return ERRORS.NPMError({","        pkginfo: pkginfo,","        problemsText: problemsText","    });","}",""],"l":{"1":1,"2":1,"3":1,"4":1,"5":1,"6":1,"8":1,"9":1,"10":1,"11":1,"12":1,"13":1,"14":1,"64":1,"65":0,"66":0,"69":0,"70":0,"72":0,"78":1,"79":0,"80":0,"85":0,"87":0,"89":1,"90":0,"91":0,"94":0,"95":0,"96":0,"99":0,"102":1,"103":0,"104":0,"107":0,"108":0,"111":0,"112":0,"113":0,"116":0,"117":0,"125":0,"126":0,"127":0,"130":0,"133":0,"136":0,"137":0,"140":0,"144":1,"145":0,"146":0,"149":0,"150":0,"152":1,"153":0,"156":0,"157":0,"160":0,"168":0,"170":0,"175":0,"177":1,"178":0,"179":0,"182":0,"185":1,"186":0,"187":0,"190":0,"191":0,"192":0,"196":0,"198":0,"199":0,"204":1,"205":0,"206":0,"209":0,"212":1,"213":0,"214":0,"217":0,"220":1,"221":0,"222":0,"225":0,"227":0,"228":0,"229":0,"232":0,"233":0,"237":0,"238":0,"239":0,"240":0,"243":0,"248":1,"249":0,"250":0,"253":0,"254":0,"255":0,"258":0,"262":1,"263":0,"264":0,"267":0,"268":0,"270":0,"273":0,"274":0,"275":0,"278":0,"279":0,"284":0,"285":0,"288":0,"292":1,"299":1,"300":0,"301":0,"303":0,"304":0,"307":1,"308":0,"310":0}},"/home/travis/build/npmtest/node-npmtest-npm-shrinkwrap/node_modules/npm-shrinkwrap/read-json.js":{"path":"/home/travis/build/npmtest/node-npmtest-npm-shrinkwrap/node_modules/npm-shrinkwrap/read-json.js","s":{"1":1,"2":1,"3":1,"4":0,"5":0,"6":0,"7":0,"8":0,"9":0,"10":0,"11":0,"12":0,"13":0,"14":0},"b":{"1":[0,0],"2":[0,0]},"f":{"1":0,"2":0},"fnMap":{"1":{"name":"readJSON","line":9,"loc":{"start":{"line":9,"column":0},"end":{"line":9,"column":46}}},"2":{"name":"(anonymous_2)","line":15,"loc":{"start":{"line":15,"column":33},"end":{"line":15,"column":52}}}},"statementMap":{"1":{"start":{"line":5,"column":0},"end":{"line":5,"column":32}},"2":{"start":{"line":7,"column":0},"end":{"line":7,"column":26}},"3":{"start":{"line":9,"column":0},"end":{"line":27,"column":1}},"4":{"start":{"line":10,"column":2},"end":{"line":13,"column":3}},"5":{"start":{"line":11,"column":4},"end":{"line":11,"column":23}},"6":{"start":{"line":12,"column":4},"end":{"line":12,"column":17}},"7":{"start":{"line":15,"column":2},"end":{"line":26,"column":5}},"8":{"start":{"line":16,"column":4},"end":{"line":16,"column":37}},"9":{"start":{"line":16,"column":14},"end":{"line":1
[...]
dules/npm-shrinkwrap/bin/help.js","s":{"1":1,"2":1,"3":1,"4":1,"5":1,"6":0,"7":0,"8":0,"9":0,"10":0,"11":0,"12":0,"13":0,"14":1},"b":{"1":[0,0],"2":[0,0],"3":[0,0]},"f":{"1":0},"fnMap":{"1":{"name":"printHelp","line":6,"loc":{"start":{"line":6,"column":0},"end":{"line":6,"column":25}}}},"statementMap":{"1":{"start":{"line":1,"column":0},"end":{"line":1,"column":27}},"2":{"start":{"line":2,"column":0},"end":{"line":2,"column":32}},"3":{"start":{"line":3,"column":0},"end":{"line":3,"column":27}},"4":{"start":{"line":4,"column":0},"end":{"line":4,"column":42}},"5":{"start":{"line":6,"column":0},"end":{"line":25,"column":1}},"6":{"start":{"line":7,"column":4},"end":{"line":7,"column":22}},"7":{"start":{"line":9,"column":4},"end":{"line":9,"column":47}},"8":{"start":{"line":10,"column":4},"end":{"line":10,"column":47}},"9":{"start":{"line":12,"column":4},"end":{"line":14,"column":7}},"10":{"start":{"line":16,"column":4},"end":{"line":18,"column":5}},"11":{"start":{"line":17,"column":8},"end":{"line":17,"column":41}},"12":{"start":{"line":20,"column":4},"end":{"line":22,"column":7}},"13":{"start":{"line":24,"column":4},"end":{"line":24,"column":29}},"14":{"start":{"line":27,"column":0},"end":{"line":27,"column":27}}},"branchMap":{"1":{"line":7,"type":"binary-expr","locations":[{"start":{"line":7,"column":11},"end":{"line":7,"column":15}},{"start":{"line":7,"column":19},"end":{"line":7,"column":21}}]},"2":{"line":13,"type":"binary-expr","locations":[{"start":{"line":13,"column":13},"end":{"line":13,"column":21}},{"start":{"line":13,"column":25},"end":{"line":13,"column":41}}]},"3":{"line":16,"type":"if","locations":[{"start":{"line":16,"column":4},"end":{"line":16,"column":4}},{"start":{"line":16,"column":4},"end":{"line":16,"column":4}}]}},"code":["var path = require('path');","var fs = require('graceful-fs');","var msee = require('msee');","var template = require('string-template');","","function printHelp(opts) {","    opts = opts || {};","","    var loc = path.join(__dirname, 'usage.md');","    var content = fs.readFileSync(loc, 'utf8');","","    content = template(content, {","        cmd: opts.cmd || 'npm-shrinkwrap'","    });","","    if (opts.h) {","        content = content.split('##')[0];","    }","","    var text = msee.parse(content, {","        paragraphStart: '\\n'","    });","","    return console.log(text);","}","","module.exports = printHelp;",""],"l":{"1":1,"2":1,"3":1,"4":1,"6":1,"7":0,"9":0,"10":0,"12":0,"16":0,"17":0,"20":0,"24":0,"27":1}},"/home/travis/build/npmtest/node-npmtest-npm-shrinkwrap/node_modules/npm-shrinkwrap/bin/formatters.js":{"path":"/home/travis/build/npmtest/node-npmtest-npm-shrinkwrap/node_modules/npm-shrinkwrap/bin/formatters.js","s":{"1":1,"2":1,"3":0,"4":1,"5":0,"6":1,"7":0},"b":{},"f":{"1":0,"2":0,"3":0},"fnMap":{"1":{"name":"notSemver","line":7,"loc":{"start":{"line":7,"column":0},"end":{"line":7,"column":24}}},"2":{"name":"invalidVersion","line":11,"loc":{"start":{"line":11,"column":0},"end":{"line":11,"column":29}}},"3":{"name":"printError","line":15,"loc":{"start":{"line":15,"column":0},"end":{"line":15,"column":25}}}},"statementMap":{"1":{"start":{"line":1,"column":0},"end":{"line":5,"column":2}},"2":{"start":{"line":7,"column":0},"end":{"line":9,"column":1}},"3":{"start":{"line":8,"column":4},"end":{"line":8,"column":34}},"4":{"start":{"line":11,"column":0},"end":{"line":13,"column":1}},"5":{"start":{"line":12,"column":4},"end":{"line":12,"column":35}},"6":{"start":{"line":15,"column":0},"end":{"line":17,"column":1}},"7":{"start":{"line":16,"column":4},"end":{"line":16,"column":23}}},"branchMap":{},"code":["module.exports = {","    'gitlink.tag.notsemver': notSemver,","    'invalid.git.version': invalidVersion,","    'default': printError","};","","function notSemver(err) {","    return 'WARN: ' + err.message;","}","","function invalidVersion(err) {","    return 'ERROR: ' + err.message;","}","","function printError(err) {","    return err.message;","}",""],"l":{"1":1,"7":1,"8":0,"11":1,"12":0,"15":1,"16":0}},"/home/travis/build/npmtest/node-npmtest-npm-shrinkwrap/node_modules/npm-shrinkwrap/bin/diff.js":{"path":"/home/travis/build/npmtest/node-npmtest-npm-shrinkwrap/node_modules/npm-shrinkwrap/bin/diff.js","s":{"1":1,"2":1,"3":1,"4":1,"5":1,"6":1,"7":1,"8":1,"9":0,"10":0,"11":0,"12":0,"13":0,"14":0,"15":0,"16":0,"17":0,"18":0,"19":0,"20":0,"21":0,"22":0,"23":0,"24":0,"25":0,"26":0,"27":0,"28":1,"29":0,"30":0,"31":0,"32":1,"33":1,"34":0,"35":0,"36":0,"37":0,"38":0,"39":0,"40":0,"41":0,"42":1,"43":0,"44":0,"45":1,"46":0,"47":0,"48":0,"49":0,"50":0,"51":0,"52":0,"53":0,"54":0,"55":0,"56":0,"57":0,"58":0,"59":0,"60":0,"61":0,"62":0,"63":0,"64":1},"b":{"1":[0,0],"2":[0,0],"3":[0,0],"4":[0,0],"5":[0,0],"6":[0,0],"7":[0,0],"8":[0,0],"9":[0,0],"10":[0,0],"11":[0,0],"12":[0,0],"13":[0,0],"14":[0,0],"15":[0,0],"16":[0,0],"17":[0,0],"18":[0,0],"19":[0,0],"20":[0,0],"21":[0,0],"22":[0,0],"23":[0,0],"24":[0,0],"25":[0,0],"26":[0,0],"27":[0,0],"28":[0,0],"29":[0,0],"30":[0,0]},"f":{"1":0,"2":0,"3":0,"4":0,"5":0,"6":0,"7":0,"8":0},"fnMap":{"1":{"name":"purgeDeps","line":10,"loc":{"start":{"line":10,"column":0},"end":{"line":10,"column":37}}},"2":{"name":"(anonymous_2)","line":25,"loc":{"start":{"line":25,"column":45},"end":{"line":25,"column":65}}},"3":{"name":"diffContent","line":60,"loc":{"start":{"line":60,"column":0},"end":{"line":60,"column":51}}},"4":{"name":"gitShow","line":72,"loc":{"start":{"line":72,"column":0},"end":{"line":72,"column":37}}},"5":{"name":"ongit","line":73,"loc":{"start":{"line":73,"column":4},"end":{"line":73,"column":40}}},"6":{"name":"isFile","line":95,"loc":{"start":{"line":95,"column":0},"end":{"line":95,"column":26}}},"7":{"name":"main","line":101,"loc":{"start":{"line":101,"column":0},"end":{"line":101,"column":30}}},"8":{"name":"(anonymous_8)","line":133,"loc":{"start":{"line":133,"column":7},"end":{"line":133,"column":29}}}},"statementMap":{"1":{"start":{"line":1,"column":0},"end":{"line":1,"column":39}},"2":{"start":{"line":2,"column":0},"end":{"line":2,"column":27}},"3":{"start":{"line":3,"column":0},"end":{"line":3,"column":39}},"4":{"start":{"line":4,"column":0},"end":{"line":4,"column":36}},"5":{"start":{"line":5,"column":0},"end":{"line":5,"column":49}},"6":{"start":{"line":6,"column":0},"end":{"line":6,"column":41}},"7":{"start":{"line":7,"column":0},"end":{"line":7,"column":43}},"8":{"start":{"line":10,"column":0},"end":{"line":58,"column":1}},"9":{"start":{"line":11,"column":4},"end":{"line":13,"column":5}},"10":{"start":{"line":12,"column":8},"end":{"line":12,"column":15}},"11":{"start":{"line":15,"column":4},"end":{"line":18,"column":37}},"12":{"start":{"line":19,"column":4},"end":{"line":21,"column":5}},"13":{"start":{"line":20,"column":8},"end":{"line":20,"column":20}},"14":{"start":{"line":23,"column":4},"end":{"line":23,"column":29}},"15":{"start":{"line":25,"column":4},"end":{"line":55,"column":11}},"16":{"start":{"line":26,"column":8},"end":{"line":28,"column":49}},"17":{"start":{"line":29,"column":8},"end":{"line":31,"column":47}},"18":{"start":{"line":32,"column":8},"end":{"line":52,"column":9}},"19":{"start":{"line":33,"column":12},"end":{"line":47,"column":13}},"20":{"start":{"line":34,"column":16},"end":{"line":40,"column":17}},"21":{"start":{"line":35,"column":20},"end":{"line":35,"column":62}},"22":{"start":{"line":36,"column":20},"end":{"line":36,"column":41}},"23":{"start":{"line":38,"column":20},"end":{"line":39,"column":54}},"24":{"start":{"line":42,"column":16},"end":{"line":46,"column":19}},"25":{"start":{"line":49,"column":12},"end":{"line":51,"column":15}},"26":{"start":{"line":54,"column":8},"end":{"line":54,"column":19}},"27":{"start":{"line":57,"column":4},"end":{"line":57,"column":16}},"28":{"start":{"line":60,"column":0},"end":{"line":70,"column":1}},"29":{"start":{"line":61,"column":4},"end":{"line":61,"column":53}},"30":{"start":{"line":63,"column":4},"end":{"line":65,"column":7}},"31":{"start":{"line":67,"column":4},"end":{"line":69,"column":7}},"32":{"start":{"line":72,"column":0},"end":{"line":93,"column":1}},"33":{"start":{"line":73,"column":4},"end":{"line":87,"column":5}},"34":{"start":{"line":74,"column":8},"end":{"line":76,"column":9}},"35":{"start":{"line":75,"column":12},"end":{"line":75,"column":34}},"36":{"start":{"line":78,"column":8},"end":{"line":80,"column":9}},"37":{"start":{"line":79,"column":12},"end":{"line":79,"column":38}},"38":{"start":{"line":82,"column":8},"end":{"line":84,"column":9}},"39":{"start":{"line":83,"column":12},"end":{"line":83,"column":33}},"40":{"start":{"line":86,"column":8},"end":{"line":86,"column":36}},"41":{"start":{"line":89,"column":4},"end":{"line":92,"column":14}},"42":{"start":{"line":95,"column":0},"end":{"line":99,"column":1}},"43":{"start":{"line":96,"column":4},"end":{"line":96,"column":42}},"44":{"start":{"line":98,"column":4},"end":{"line":98,"column":57}},"45":{"start":{"line":101,"column":0},"end":{"line":140,"column":1}},"46":{"start":{"line":102,"column":4},"end":{"line":102,"column":26}},"47":{"start":{"line":103,"column":4},"end":{"line":103,"column":26}},"48":{"start":{"line":105,"column":4},"end":{"line":107,"column":5}},"49":{"start":{"line":106,"column":8},"end":{"line":106,"column":38}},"50":{"start":{"line":109,"column":4},"end":{"line":111,"column":5}},"51":{"start":{"line":110,"column":8},"end":{"line":110,"column":23}},"52":{"start":{"line":113,"column":4},"end":{"line":117,"column":5}},"53":{"start":{"line":114,"column":8},"end":{"line":114,"column":42}},"54":{"start":{"line":115,"column":11},"end":{"line":117,"column":5}},"55":{"start":{"line":116,"column":8},"end":{"line":116,"column":27}},"56":{"start":{"line":119,"column":4},"end":{"line":121,"column":5}},"57":{"start":{"line":120,"column":8},"end":{"line":120,"column":26}},"58":{"start":{"line":123,"column":4},"end":{"line":123,"column":50}},"59":{"start":{"line":124,"column":4},"end":{"line":124,"column":44}},"60":{"start":{"line":126,"column":4},"end":{"line":139,"column":7}},"61":{"start":{"line":134,"column":8},"end":{"line":136,"column":9}},"62":{"start":{"line":135,"column":12},"end":{"line":135,"column":33}},"63":{"start":{"line":138,"column":8},"end":{"line":138,"column":62}},"64":{"start":{"line":142,"column":0},"end":{"line":142,"column":22}}},"branchMap":{"1":{"line":11,"type":"if","locations":[{"start":{"line":11,"column":4},"end":{"line":11,"column":4}},{"start":{"line":11,"column":4},"end":{"line":11,"column":4}}]},"2":{"line":15,"type":"cond-expr","locations":[{"start":{"line":16,"column":8},"end":{"line":16,"column":22}},{"start":{"line":16,"column":25},"end":{"line":18,"column":36}}]},"3":{"line":16,"type":"cond-expr","locations":[{"start":{"line":17,"column":8},"end":{"line":17,"column":31}},{"start":{"line":17,"column":34},"end":{"line":18,"column":36}}]},"4":{"line":17,"type":"cond-expr","locations":[{"start":{"line":18,"column":8},"end":{"line":18,"column":29}},{"start":{"line":18,"column":32},"end":{"line":18,"column":36}}]},"5":{"line":19,"type":"if","locations":[{"start":{"line":19,"column":4},"end":{"line":19,"column":4}},{"start":{"line":19,"column":4},"end":{"line":19,"column":4}}]},"6":{"line":26,"type":"cond-expr","locations":[{"start":{"line":26,"column":37},"end":{"line":26,"column":49}},{"start":{"line":27,"column":13},"end":{"line":28,"column":47}}]},"7":{"line":27,"type":"binary-expr","locations":[{"start":{"line":27,"column":13},"end":{"line":27,"column":44}},{"start":{"line":28,"column":12},"end":{"line":28,"column":47}}]},"8":{"line":29,"type":"cond-expr","locations":[{"start":{"line":29,"column":33},"end":{"line":29,"column":43}},{"start":{"line":30,"column":13},"end":{"line":31,"column":45}}]},"9":{"line":30,"type":"binary-expr","locations":[{"start":{"line":30,"column":13},"end":{"line":30,"column":42}},{"start":{"line":31,"column":12},"end":{"line":31,"column":45}}]},"10":{"line":32,"type":"if","locations":[{"start":{"line":32,"column":8},"end":{"line":32,"column":8}},{"start":{"line":32,"column":8},"end":{"line":32,"column":8}}]},"11":{"line":32,"type":"binary-expr","locations":[{"start":{"line":32,"column":12},"end":{"line":32,"column":19}},{"start":{"line":32,"column":23},"end":{"line":32,"column":28}}]},"12":{"line":33,"type":"if","locations":[{"start":{"line":33,"column":12},"end":{"line":33,"column":12}},{"start":{"line":33,"column":12},"end":{"line":33,"column":12}}]},"13":{"line":34,"type":"if","locations":[{"start":{"line":34,"column":16},"end":{"line":34,"column":16}},{"start":{"line":34,"column":16},"end":{"line":34,"column":16}}]},"14":{"line":38,"type":"cond-expr","locations":[{"start":{"line":38,"column":42},"end":{"line":38,"column":52}},{"start":{"line":38,"column":55},"end":{"line":38,"column":63}}]},"15":{"line":74,"type":"if","locations":[{"start":{"line":74,"column":8},"end":{"line":74,"column":8}},{"start":{"line":74,"column":8},"end":{"line":74,"column":8}}]},"16":{"line":78,"type":"if","locations":[{"start":{"line":78,"column":8},"end":{"line":78,"column":8}},{"start":{"line":78,"column":8},"end":{"line":78,"column":8}}]},"17":{"line":78,"type":"binary-expr","locations":[{"start":{"line":78,"column":12},"end":{"line":78,"column":15}},{"start":{"line":78,"column":19},"end":{"line":78,"column":64}}]},"18":{"line":82,"type":"if","locations":[{"start":{"line":82,"column":8},"end":{"line":82,"column":8}},{"start":{"line":82,"column":8},"end":{"line":82,"column":8}}]},"19":{"line":90,"type":"binary-expr","locations":[{"start":{"line":90,"column":13},"end":{"line":90,"column":16}},{"start":{"line":90,"column":20},"end":{"line":90,"column":33}}]},"20":{"line":98,"type":"binary-expr","locations":[{"start":{"line":98,"column":11},"end":{"line":98,"column":23}},{"start":{"line":98,"column":27},"end":{"line":98,"column":56}}]},"21":{"line":105,"type":"if","locations":[{"start":{"line":105,"column":4},"end":{"line":105,"column":4}},{"start":{"line":105,"column":4},"end":{"line":105,"column":4}}]},"22":{"line":109,"type":"if","locations":[{"start":{"line":109,"column":4},"end":{"line":109,"column":4}},{"start":{"line":109,"column":4},"end":{"line":109,"column":4}}]},"23":{"line":113,"type":"if","locations":[{"start":{"line":113,"column":4},"end":{"line":113,"column":4}},{"start":{"line":113,"column":4},"end":{"line":113,"column":4}}]},"24":{"line":115,"type":"if","locations":[{"start":{"line":115,"column":11},"end":{"line":115,"column":11}},{"start":{"line":115,"column":11},"end":{"line":115,"column":11}}]},"25":{"line":119,"type":"if","locations":[{"start":{"line":119,"column":4},"end":{"line":119,"column":4}},{"start":{"line":119,"column":4},"end":{"line":119,"column":4}}]},"26":{"line":123,"type":"cond-expr","locations":[{"start":{"line":123,"column":35},"end":{"line":123,"column":45}},{"start":{"line":123,"column":48},"end":{"line":123,"column":49}}]},"27":{"line":124,"type":"binary-expr","locations":[{"start":{"line":124,"column":14},"end":{"line":124,"column":26}},{"start":{"line":124,"column":30},"end":{"line":124,"column":43}}]},"28":{"line":127,"type":"cond-expr","locations":[{"start":{"line":128,"column":12},"end":{"line":128,"column":57}},{"start":{"line":129,"column":12},"end":{"line":129,"column":42}}]},"29":{"line":130,"type":"cond-expr","locations":[{"start":{"line":131,"column":12},"end":{"line":131,"column":57}},{"start":{"line":132,"column":12},"end":{"line":132,"column":42}}]},"30":{"line":134,"type":"if","locations":[{"start":{"line":134,"column":8},"end":{"line":134,"column":8}},{"start":{"line":134,"column":8},"end":{"line":134,"column":8}}]}},"code":["var parallel = require('run-parallel');","var path = require('path');","var readJSON = require('../read-json');","var jsonDiff = require('json-diff');","var colorize = require('json-diff/lib/colorize');","var exec = require('child_process').exec;","var jsonParse = require('safe-json-parse');","","/*jshint camelcase: false*/","function purgeDeps(opts, diff, meta) {","    if (!diff) {","        return;","    }","","    var depsKey = 'dependencies' in diff ?","        'dependencies' : 'dependencies__deleted' in diff ?","        'dependencies__deleted' : 'dependencies__added' in diff ?","        'dependencies__added' : null;","    if (!depsKey) {","        return diff;","    }","","    var deps = diff[depsKey];","","    diff[depsKey] = Object.keys(deps).reduce(function (acc, key) {","        var deleted = meta.deleted ? meta.deleted :","            (key.indexOf('__deleted') !== -1 ||","            depsKey === 'dependencies__deleted');","        var added = meta.added ? meta.added :","            (key.indexOf('__added') !== -1 ||","            depsKey === 'dependencies__added');","        if (deleted || added) {","            if (meta.depth >= opts.depth) {","                if (!opts.short) {","                    deps[key].dependencies = '[NestedObject]';","                    acc[key] = deps[key];","                } else {","                    acc[key] = (deleted ? '[Deleted' : '[Added') +","                        '@' + deps[key].version + ']';","                }","            } else {","                acc[key] = purgeDeps(opts, deps[key], {","                    depth: meta.depth + 1,","                    added: added,","                    deleted: deleted","                });","            }","        } else {","            acc[key] = purgeDeps(opts, deps[key], {","                depth: meta.depth + 1","            });","        }","","        return acc;","    }, {});","","    return diff;","}","","function diffContent(oldContent, newContent, opts) {","    var diff = jsonDiff.diff(oldContent, newContent);","","    diff = purgeDeps(opts, diff, {","        depth: 0","    });","","    return colorize.colorize(diff, {","        color: opts.color","    });","}","","function gitShow(sha, cwd, callback) {","    function ongit(err, stdout, stderr) {","        if (stderr) {","            console.error(stderr);","        }","","        if (err && err.message.indexOf('not in \\'HEAD\\'') !== -1) {","            return callback(null, {});","        }","","        if (err) {","            return callback(err);","        }","","        jsonParse(stdout, callback);","    }","","    exec('git show ' + sha + ':./npm-shrinkwrap.json', {","        cwd: cwd || process.cwd(),","        maxBuffer: 10000 * 1024","    }, ongit);","}","","function isFile(fileName) {","    var index = fileName.indexOf('.json');","","    return index !== -1 && index === fileName.length - 5;","}","","function main(opts, callback) {","    var fileA = opts._[0];","    var fileB = opts._[1];","","    if (!fileB) {","        fileB = 'npm-shrinkwrap.json';","    }","","    if (!fileA) {","        fileA = 'HEAD';","    }","","    if (!(\"color\" in opts)) {","        opts.color = process.stdout.isTTY;","    } else if (opts.color === \"false\") {","        opts.color = false;","    }","","    if (!(\"short\" in opts)) {","        opts.short = true;","    }","","    opts.depth = 'depth' in opts ? opts.depth : 0;","    var cwd = opts.dirname || process.cwd();","","    parallel([","        isFile(fileA) ?","            readJSON.bind(null, path.resolve(cwd, fileA)) :","            gitShow.bind(null, fileA, cwd),","        isFile(fileB) ?","            readJSON.bind(null, path.resolve(cwd, fileB)) :","            gitShow.bind(null, fileB, cwd)","    ], function (err, files) {","        if (err) {","            return callback(err);","        }","","        callback(null, diffContent(files[0], files[1], opts));","    });","}","","module.exports = main;",""],"l":{"1":1,"2":1,"3":1,"4":1,"5":1,"6":1,"7":1,"10":1,"11":0,"12":0,"15":0,"19":0,"20":0,"23":0,"25":0,"26":0,"29":0,"32":0,"33":0,"34":0,"35":0,"36":0,"38":0,"42":0,"49":0,"54":0,"57":0,"60":1,"61":0,"63":0,"67":0,"72":1,"73":1,"74":0,"75":0,"78":0,"79":0,"82":0,"83":0,"86":0,"89":0,"95":1,"96":0,"98":0,"101":1,"102":0,"103":0,"105":0,"106":0,"109":0,"110":0,"113":0,"114":0,"115":0,"116":0,"119":0,"120":0,"123":0,"124":0,"126":0,"134":0,"135":0,"138":0,"142":1}}}